<html>
<head>
<title>TestNG:  TellWorks App Test Cases</title>
<link href="../testng.css" rel="stylesheet" type="text/css" />
<link href="../my-testng.css" rel="stylesheet" type="text/css" />

<style type="text/css">
.log { display: none;} 
.stack-trace { display: none;} 
</style>
<script type="text/javascript">
<!--
function flip(e) {
  current = e.style.display;
  if (current == 'block') {
    e.style.display = 'none';
    return 0;
  }
  else {
    e.style.display = 'block';
    return 1;
  }
}

function toggleBox(szDivId, elem, msg1, msg2)
{
  var res = -1;  if (document.getElementById) {
    res = flip(document.getElementById(szDivId));
  }
  else if (document.all) {
    // this is the way old msie versions work
    res = flip(document.all[szDivId]);
  }
  if(elem) {
    if(res == 0) elem.innerHTML = msg1; else elem.innerHTML = msg2;
  }

}

function toggleAllBoxes() {
  if (document.getElementsByTagName) {
    d = document.getElementsByTagName('div');
    for (i = 0; i < d.length; i++) {
      if (d[i].className == 'log') {
        flip(d[i]);
      }
    }
  }
}

// -->
</script>

</head>
<body>
<h2 align='center'>TellWorks App Test Cases</h2><table border='1' align="center">
<tr>
<td>Tests passed/Failed/Skipped:</td><td>63/2/0</td>
</tr><tr>
<td>Started on:</td><td>Fri Jun 03 22:22:22 IST 2022</td>
</tr>
<tr><td>Total time:</td><td>1399 seconds (1399677 ms)</td>
</tr><tr>
<td>Included groups:</td><td></td>
</tr><tr>
<td>Excluded groups:</td><td></td>
</tr>
</table><p/>
<small><i>(Hover the method name to see the test class name)</i></small><p/>
<table width='100%' border='1' class='invocation-failed'>
<tr><td colspan='4' align='center'><b>FAILED TESTS</b></td></tr>
<tr><td><b>Test method</b></td>
<td width="30%"><b>Exception</b></td>
<td width="10%"><b>Time (seconds)</b></td>
<td><b>Instance</b></td>
</tr>
<tr>
<td title='com.miles.tellworks.testcases.InventoryTest.shippedTest()'><b>shippedTest</b><br>Test class: com.miles.tellworks.testcases.InventoryTest</td>
<td><div><pre>org.openqa.selenium.TimeoutException: timeout: Timed out receiving message from renderer: 60.000
  (Session info: chrome=102.0.5005.63)
Build info: version: &apos;4.1.3&apos;, revision: &apos;7b1ebf28ef&apos;
System info: host: &apos;BSS-SBOJEDLA&apos;, ip: &apos;192.168.1.25&apos;, os.name: &apos;Windows 10&apos;, os.arch: &apos;amd64&apos;, os.version: &apos;10.0&apos;, java.version: &apos;17.0.2&apos;
Driver info: org.openqa.selenium.chrome.ChromeDriver
Command: [f5b2f43bd6e2c8835bbb85d3c129c905, clickElement {id=e90bea90-26f8-4124-b915-d9fe81ee8111}]
Capabilities {acceptInsecureCerts: false, browserName: chrome, browserVersion: 102.0.5005.63, chrome: {chromedriverVersion: 102.0.5005.61 (0e59bcc00cc4..., userDataDir: C:\Users\sbojedla\AppData\L...}, goog:chromeOptions: {debuggerAddress: localhost:54164}, javascriptEnabled: true, networkConnectionEnabled: false, pageLoadStrategy: normal, platform: WINDOWS, platformName: WINDOWS, proxy: Proxy(), se:cdp: ws://localhost:54164/devtoo..., se:cdpVersion: 102.0.5005.63, setWindowRect: true, strictFileInteractability: false, timeouts: {implicit: 0, pageLoad: 300000, script: 30000}, unhandledPromptBehavior: dismiss and notify, webauthn:extension:credBlob: true, webauthn:extension:largeBlob: true, webauthn:virtualAuthenticators: true}
Element: [[ChromeDriver: chrome on WINDOWS (f5b2f43bd6e2c8835bbb85d3c129c905)] -&gt; xpath: //input[@id = &apos;MainContent_UserFilter_lbExport&apos;]]
Session ID: f5b2f43bd6e2c8835bbb85d3c129c905
	at org.openqa.selenium.remote.codec.w3c.W3CHttpResponseCodec.createException(W3CHttpResponseCodec.java:200)
	at org.openqa.selenium.remote.codec.w3c.W3CHttpResponseCodec.decode(W3CHttpResponseCodec.java:133)
	at org.openqa.selenium.remote.codec.w3c.W3CHttpResponseCodec.decode(W3CHttpResponseCodec.java:53)
	at org.openqa.selenium.remote.HttpCommandExecutor.execute(HttpCommandExecutor.java:184)
	at org.openqa.selenium.remote.service.DriverCommandExecutor.invokeExecute(DriverCommandExecutor.java:167)
	at org.openqa.selenium.remote.service.DriverCommandExecutor.execute(DriverCommandExecutor.java:142)
	at org.openqa.selenium.remote.RemoteWebDriver.execute(RemoteWebDriver.java:567)
	at org.openqa.selenium.remote.RemoteWebElement.execute(RemoteWebElement.java:251)
	at org.openqa.selenium.remote.RemoteWebElement.click(RemoteWebElement.java:77)
	at org.openqa.selenium.support.pagefactory.internal.LocatingElementHandler.invoke(LocatingElementHandler.java:52)
	at jdk.proxy2/jdk.proxy2.$Proxy20.click(Unknown Source)
	at com.miles.tellworks.pagepanel.Inventory.shippedInventory(Inventory.java:150)
	at com.miles.tellworks.testcases.InventoryTest.shippedTest(InventoryTest.java:52)
	at java.base/java.util.ArrayList.forEach(ArrayList.java:1511)
... Removed 35 stack frames</pre></div><a href='#' onClick='toggleBox("stack-trace1517860139", this, "Click to show all stack frames", "Click to hide stack frames")'>Click to show all stack frames</a>
<div class='stack-trace' id='stack-trace1517860139'><pre>org.openqa.selenium.TimeoutException: timeout: Timed out receiving message from renderer: 60.000
  (Session info: chrome=102.0.5005.63)
Build info: version: &apos;4.1.3&apos;, revision: &apos;7b1ebf28ef&apos;
System info: host: &apos;BSS-SBOJEDLA&apos;, ip: &apos;192.168.1.25&apos;, os.name: &apos;Windows 10&apos;, os.arch: &apos;amd64&apos;, os.version: &apos;10.0&apos;, java.version: &apos;17.0.2&apos;
Driver info: org.openqa.selenium.chrome.ChromeDriver
Command: [f5b2f43bd6e2c8835bbb85d3c129c905, clickElement {id=e90bea90-26f8-4124-b915-d9fe81ee8111}]
Capabilities {acceptInsecureCerts: false, browserName: chrome, browserVersion: 102.0.5005.63, chrome: {chromedriverVersion: 102.0.5005.61 (0e59bcc00cc4..., userDataDir: C:\Users\sbojedla\AppData\L...}, goog:chromeOptions: {debuggerAddress: localhost:54164}, javascriptEnabled: true, networkConnectionEnabled: false, pageLoadStrategy: normal, platform: WINDOWS, platformName: WINDOWS, proxy: Proxy(), se:cdp: ws://localhost:54164/devtoo..., se:cdpVersion: 102.0.5005.63, setWindowRect: true, strictFileInteractability: false, timeouts: {implicit: 0, pageLoad: 300000, script: 30000}, unhandledPromptBehavior: dismiss and notify, webauthn:extension:credBlob: true, webauthn:extension:largeBlob: true, webauthn:virtualAuthenticators: true}
Element: [[ChromeDriver: chrome on WINDOWS (f5b2f43bd6e2c8835bbb85d3c129c905)] -&gt; xpath: //input[@id = &apos;MainContent_UserFilter_lbExport&apos;]]
Session ID: f5b2f43bd6e2c8835bbb85d3c129c905
	at java.base/jdk.internal.reflect.NativeConstructorAccessorImpl.newInstance0(Native Method)
	at java.base/jdk.internal.reflect.NativeConstructorAccessorImpl.newInstance(NativeConstructorAccessorImpl.java:77)
	at java.base/jdk.internal.reflect.DelegatingConstructorAccessorImpl.newInstance(DelegatingConstructorAccessorImpl.java:45)
	at java.base/java.lang.reflect.Constructor.newInstanceWithCaller(Constructor.java:499)
	at java.base/java.lang.reflect.Constructor.newInstance(Constructor.java:480)
	at org.openqa.selenium.remote.codec.w3c.W3CHttpResponseCodec.createException(W3CHttpResponseCodec.java:200)
	at org.openqa.selenium.remote.codec.w3c.W3CHttpResponseCodec.decode(W3CHttpResponseCodec.java:133)
	at org.openqa.selenium.remote.codec.w3c.W3CHttpResponseCodec.decode(W3CHttpResponseCodec.java:53)
	at org.openqa.selenium.remote.HttpCommandExecutor.execute(HttpCommandExecutor.java:184)
	at org.openqa.selenium.remote.service.DriverCommandExecutor.invokeExecute(DriverCommandExecutor.java:167)
	at org.openqa.selenium.remote.service.DriverCommandExecutor.execute(DriverCommandExecutor.java:142)
	at org.openqa.selenium.remote.RemoteWebDriver.execute(RemoteWebDriver.java:567)
	at org.openqa.selenium.remote.RemoteWebElement.execute(RemoteWebElement.java:251)
	at org.openqa.selenium.remote.RemoteWebElement.click(RemoteWebElement.java:77)
	at jdk.internal.reflect.GeneratedMethodAccessor1.invoke(Unknown Source)
	at java.base/jdk.internal.reflect.DelegatingMethodAccessorImpl.invoke(DelegatingMethodAccessorImpl.java:43)
	at java.base/java.lang.reflect.Method.invoke(Method.java:568)
	at org.openqa.selenium.support.pagefactory.internal.LocatingElementHandler.invoke(LocatingElementHandler.java:52)
	at jdk.proxy2/jdk.proxy2.$Proxy20.click(Unknown Source)
	at com.miles.tellworks.pagepanel.Inventory.shippedInventory(Inventory.java:150)
	at com.miles.tellworks.testcases.InventoryTest.shippedTest(InventoryTest.java:52)
	at java.base/jdk.internal.reflect.NativeMethodAccessorImpl.invoke0(Native Method)
	at java.base/jdk.internal.reflect.NativeMethodAccessorImpl.invoke(NativeMethodAccessorImpl.java:77)
	at java.base/jdk.internal.reflect.DelegatingMethodAccessorImpl.invoke(DelegatingMethodAccessorImpl.java:43)
	at java.base/java.lang.reflect.Method.invoke(Method.java:568)
	at org.testng.internal.MethodInvocationHelper.invokeMethod(MethodInvocationHelper.java:133)
	at org.testng.internal.TestInvoker.invokeMethod(TestInvoker.java:598)
	at org.testng.internal.TestInvoker.invokeTestMethod(TestInvoker.java:173)
	at org.testng.internal.MethodRunner.runInSequence(MethodRunner.java:46)
	at org.testng.internal.TestInvoker$MethodInvocationAgent.invoke(TestInvoker.java:824)
	at org.testng.internal.TestInvoker.invokeTestMethods(TestInvoker.java:146)
	at org.testng.internal.TestMethodWorker.invokeTestMethods(TestMethodWorker.java:146)
	at org.testng.internal.TestMethodWorker.run(TestMethodWorker.java:128)
	at java.base/java.util.ArrayList.forEach(ArrayList.java:1511)
	at org.testng.TestRunner.privateRun(TestRunner.java:794)
	at org.testng.TestRunner.run(TestRunner.java:596)
	at org.testng.SuiteRunner.runTest(SuiteRunner.java:377)
	at org.testng.SuiteRunner.runSequentially(SuiteRunner.java:371)
	at org.testng.SuiteRunner.privateRun(SuiteRunner.java:332)
	at org.testng.SuiteRunner.run(SuiteRunner.java:276)
	at org.testng.SuiteRunnerWorker.runSuite(SuiteRunnerWorker.java:53)
	at org.testng.SuiteRunnerWorker.run(SuiteRunnerWorker.java:96)
	at org.testng.TestNG.runSuitesSequentially(TestNG.java:1212)
	at org.testng.TestNG.runSuitesLocally(TestNG.java:1134)
	at org.testng.TestNG.runSuites(TestNG.java:1063)
	at org.testng.TestNG.run(TestNG.java:1031)
	at org.testng.remote.AbstractRemoteTestNG.run(AbstractRemoteTestNG.java:115)
	at org.testng.remote.RemoteTestNG.initAndRun(RemoteTestNG.java:251)
	at org.testng.remote.RemoteTestNG.main(RemoteTestNG.java:77)
</pre></div></td>
<td>74</td>
<td>com.miles.tellworks.testcases.InventoryTest@1a6d8329</td></tr>
<tr>
<td title='com.miles.tellworks.testcases.SupportTest.SupportInventoryValidationTest()'><b>SupportInventoryValidationTest</b><br>Test class: com.miles.tellworks.testcases.SupportTest</td>
<td><div><pre>org.openqa.selenium.NoSuchElementException: no such element: Unable to locate element: {&quot;method&quot;:&quot;link text&quot;,&quot;selector&quot;:&quot;Inventory Validation vs. In &amp; Out&quot;}
  (Session info: chrome=102.0.5005.63)
For documentation on this error, please visit: https://selenium.dev/exceptions/#no_such_element
Build info: version: &apos;4.1.3&apos;, revision: &apos;7b1ebf28ef&apos;
System info: host: &apos;BSS-SBOJEDLA&apos;, ip: &apos;192.168.1.25&apos;, os.name: &apos;Windows 10&apos;, os.arch: &apos;amd64&apos;, os.version: &apos;10.0&apos;, java.version: &apos;17.0.2&apos;
Driver info: org.openqa.selenium.chrome.ChromeDriver
Command: [9dab898e6fa825f9691605cd7975b8e3, findElement {using=link text, value=Inventory Validation vs. In &amp; Out}]
Capabilities {acceptInsecureCerts: false, browserName: chrome, browserVersion: 102.0.5005.63, chrome: {chromedriverVersion: 102.0.5005.61 (0e59bcc00cc4..., userDataDir: C:\Users\sbojedla\AppData\L...}, goog:chromeOptions: {debuggerAddress: localhost:56098}, javascriptEnabled: true, networkConnectionEnabled: false, pageLoadStrategy: normal, platform: WINDOWS, platformName: WINDOWS, proxy: Proxy(), se:cdp: ws://localhost:56098/devtoo..., se:cdpVersion: 102.0.5005.63, setWindowRect: true, strictFileInteractability: false, timeouts: {implicit: 0, pageLoad: 300000, script: 30000}, unhandledPromptBehavior: dismiss and notify, webauthn:extension:credBlob: true, webauthn:extension:largeBlob: true, webauthn:virtualAuthenticators: true}
Session ID: 9dab898e6fa825f9691605cd7975b8e3
	at org.openqa.selenium.remote.codec.w3c.W3CHttpResponseCodec.createException(W3CHttpResponseCodec.java:200)
	at org.openqa.selenium.remote.codec.w3c.W3CHttpResponseCodec.decode(W3CHttpResponseCodec.java:133)
	at org.openqa.selenium.remote.codec.w3c.W3CHttpResponseCodec.decode(W3CHttpResponseCodec.java:53)
	at org.openqa.selenium.remote.HttpCommandExecutor.execute(HttpCommandExecutor.java:184)
	at org.openqa.selenium.remote.service.DriverCommandExecutor.invokeExecute(DriverCommandExecutor.java:167)
	at org.openqa.selenium.remote.service.DriverCommandExecutor.execute(DriverCommandExecutor.java:142)
	at org.openqa.selenium.remote.RemoteWebDriver.execute(RemoteWebDriver.java:567)
	at org.openqa.selenium.remote.ElementLocation$ElementFinder$2.findElement(ElementLocation.java:162)
	at org.openqa.selenium.remote.ElementLocation.findElement(ElementLocation.java:60)
	at org.openqa.selenium.remote.RemoteWebDriver.findElement(RemoteWebDriver.java:385)
	at org.openqa.selenium.remote.RemoteWebDriver.findElement(RemoteWebDriver.java:377)
	at com.miles.tellworks.pagepanel.Support.SupportInventoryValidation(Support.java:445)
	at com.miles.tellworks.testcases.SupportTest.SupportInventoryValidationTest(SupportTest.java:124)
	at java.base/java.util.ArrayList.forEach(ArrayList.java:1511)
... Removed 32 stack frames</pre></div><a href='#' onClick='toggleBox("stack-trace1356224098", this, "Click to show all stack frames", "Click to hide stack frames")'>Click to show all stack frames</a>
<div class='stack-trace' id='stack-trace1356224098'><pre>org.openqa.selenium.NoSuchElementException: no such element: Unable to locate element: {&quot;method&quot;:&quot;link text&quot;,&quot;selector&quot;:&quot;Inventory Validation vs. In &amp; Out&quot;}
  (Session info: chrome=102.0.5005.63)
For documentation on this error, please visit: https://selenium.dev/exceptions/#no_such_element
Build info: version: &apos;4.1.3&apos;, revision: &apos;7b1ebf28ef&apos;
System info: host: &apos;BSS-SBOJEDLA&apos;, ip: &apos;192.168.1.25&apos;, os.name: &apos;Windows 10&apos;, os.arch: &apos;amd64&apos;, os.version: &apos;10.0&apos;, java.version: &apos;17.0.2&apos;
Driver info: org.openqa.selenium.chrome.ChromeDriver
Command: [9dab898e6fa825f9691605cd7975b8e3, findElement {using=link text, value=Inventory Validation vs. In &amp; Out}]
Capabilities {acceptInsecureCerts: false, browserName: chrome, browserVersion: 102.0.5005.63, chrome: {chromedriverVersion: 102.0.5005.61 (0e59bcc00cc4..., userDataDir: C:\Users\sbojedla\AppData\L...}, goog:chromeOptions: {debuggerAddress: localhost:56098}, javascriptEnabled: true, networkConnectionEnabled: false, pageLoadStrategy: normal, platform: WINDOWS, platformName: WINDOWS, proxy: Proxy(), se:cdp: ws://localhost:56098/devtoo..., se:cdpVersion: 102.0.5005.63, setWindowRect: true, strictFileInteractability: false, timeouts: {implicit: 0, pageLoad: 300000, script: 30000}, unhandledPromptBehavior: dismiss and notify, webauthn:extension:credBlob: true, webauthn:extension:largeBlob: true, webauthn:virtualAuthenticators: true}
Session ID: 9dab898e6fa825f9691605cd7975b8e3
	at java.base/jdk.internal.reflect.NativeConstructorAccessorImpl.newInstance0(Native Method)
	at java.base/jdk.internal.reflect.NativeConstructorAccessorImpl.newInstance(NativeConstructorAccessorImpl.java:77)
	at java.base/jdk.internal.reflect.DelegatingConstructorAccessorImpl.newInstance(DelegatingConstructorAccessorImpl.java:45)
	at java.base/java.lang.reflect.Constructor.newInstanceWithCaller(Constructor.java:499)
	at java.base/java.lang.reflect.Constructor.newInstance(Constructor.java:480)
	at org.openqa.selenium.remote.codec.w3c.W3CHttpResponseCodec.createException(W3CHttpResponseCodec.java:200)
	at org.openqa.selenium.remote.codec.w3c.W3CHttpResponseCodec.decode(W3CHttpResponseCodec.java:133)
	at org.openqa.selenium.remote.codec.w3c.W3CHttpResponseCodec.decode(W3CHttpResponseCodec.java:53)
	at org.openqa.selenium.remote.HttpCommandExecutor.execute(HttpCommandExecutor.java:184)
	at org.openqa.selenium.remote.service.DriverCommandExecutor.invokeExecute(DriverCommandExecutor.java:167)
	at org.openqa.selenium.remote.service.DriverCommandExecutor.execute(DriverCommandExecutor.java:142)
	at org.openqa.selenium.remote.RemoteWebDriver.execute(RemoteWebDriver.java:567)
	at org.openqa.selenium.remote.ElementLocation$ElementFinder$2.findElement(ElementLocation.java:162)
	at org.openqa.selenium.remote.ElementLocation.findElement(ElementLocation.java:60)
	at org.openqa.selenium.remote.RemoteWebDriver.findElement(RemoteWebDriver.java:385)
	at org.openqa.selenium.remote.RemoteWebDriver.findElement(RemoteWebDriver.java:377)
	at com.miles.tellworks.pagepanel.Support.SupportInventoryValidation(Support.java:445)
	at com.miles.tellworks.testcases.SupportTest.SupportInventoryValidationTest(SupportTest.java:124)
	at java.base/jdk.internal.reflect.NativeMethodAccessorImpl.invoke0(Native Method)
	at java.base/jdk.internal.reflect.NativeMethodAccessorImpl.invoke(NativeMethodAccessorImpl.java:77)
	at java.base/jdk.internal.reflect.DelegatingMethodAccessorImpl.invoke(DelegatingMethodAccessorImpl.java:43)
	at java.base/java.lang.reflect.Method.invoke(Method.java:568)
	at org.testng.internal.MethodInvocationHelper.invokeMethod(MethodInvocationHelper.java:133)
	at org.testng.internal.TestInvoker.invokeMethod(TestInvoker.java:598)
	at org.testng.internal.TestInvoker.invokeTestMethod(TestInvoker.java:173)
	at org.testng.internal.MethodRunner.runInSequence(MethodRunner.java:46)
	at org.testng.internal.TestInvoker$MethodInvocationAgent.invoke(TestInvoker.java:824)
	at org.testng.internal.TestInvoker.invokeTestMethods(TestInvoker.java:146)
	at org.testng.internal.TestMethodWorker.invokeTestMethods(TestMethodWorker.java:146)
	at org.testng.internal.TestMethodWorker.run(TestMethodWorker.java:128)
	at java.base/java.util.ArrayList.forEach(ArrayList.java:1511)
	at org.testng.TestRunner.privateRun(TestRunner.java:794)
	at org.testng.TestRunner.run(TestRunner.java:596)
	at org.testng.SuiteRunner.runTest(SuiteRunner.java:377)
	at org.testng.SuiteRunner.runSequentially(SuiteRunner.java:371)
	at org.testng.SuiteRunner.privateRun(SuiteRunner.java:332)
	at org.testng.SuiteRunner.run(SuiteRunner.java:276)
	at org.testng.SuiteRunnerWorker.runSuite(SuiteRunnerWorker.java:53)
	at org.testng.SuiteRunnerWorker.run(SuiteRunnerWorker.java:96)
	at org.testng.TestNG.runSuitesSequentially(TestNG.java:1212)
	at org.testng.TestNG.runSuitesLocally(TestNG.java:1134)
	at org.testng.TestNG.runSuites(TestNG.java:1063)
	at org.testng.TestNG.run(TestNG.java:1031)
	at org.testng.remote.AbstractRemoteTestNG.run(AbstractRemoteTestNG.java:115)
	at org.testng.remote.RemoteTestNG.initAndRun(RemoteTestNG.java:251)
	at org.testng.remote.RemoteTestNG.main(RemoteTestNG.java:77)
</pre></div></td>
<td>63</td>
<td>com.miles.tellworks.testcases.SupportTest@4145bad8</td></tr>
</table><p>
<table width='100%' border='1' class='invocation-passed'>
<tr><td colspan='4' align='center'><b>PASSED TESTS</b></td></tr>
<tr><td><b>Test method</b></td>
<td width="30%"><b>Exception</b></td>
<td width="10%"><b>Time (seconds)</b></td>
<td><b>Instance</b></td>
</tr>
<tr>
<td title='com.miles.tellworks.testcases.ReceivingTest.receivingManagementTest()'><b>receivingManagementTest</b><br>Test class: com.miles.tellworks.testcases.ReceivingTest</td>
<td></td>
<td>5</td>
<td>com.miles.tellworks.testcases.ReceivingTest@738dc9b</td></tr>
<tr>
<td title='com.miles.tellworks.testcases.AdminTest.regionAreaMarketTest()'><b>regionAreaMarketTest</b><br>Test class: com.miles.tellworks.testcases.AdminTest</td>
<td></td>
<td>4</td>
<td>com.miles.tellworks.testcases.AdminTest@13e344d</td></tr>
<tr>
<td title='com.miles.tellworks.testcases.AdminTest.userAdministratationTest()'><b>userAdministratationTest</b><br>Test class: com.miles.tellworks.testcases.AdminTest</td>
<td></td>
<td>14</td>
<td>com.miles.tellworks.testcases.AdminTest@13e344d</td></tr>
<tr>
<td title='com.miles.tellworks.testcases.InventoryTest.cycleManagementTest()'><b>cycleManagementTest</b><br>Test class: com.miles.tellworks.testcases.InventoryTest</td>
<td></td>
<td>12</td>
<td>com.miles.tellworks.testcases.InventoryTest@1a6d8329</td></tr>
<tr>
<td title='com.miles.tellworks.testcases.SupportTest.SupportPOSAReversalsTest()'><b>SupportPOSAReversalsTest</b><br>Test class: com.miles.tellworks.testcases.SupportTest</td>
<td></td>
<td>9</td>
<td>com.miles.tellworks.testcases.SupportTest@4145bad8</td></tr>
<tr>
<td title='com.miles.tellworks.testcases.AdminTest.adminSerialManagementTest()'><b>adminSerialManagementTest</b><br>Test class: com.miles.tellworks.testcases.AdminTest</td>
<td></td>
<td>2</td>
<td>com.miles.tellworks.testcases.AdminTest@13e344d</td></tr>
<tr>
<td title='com.miles.tellworks.testcases.AdminTest.adminWarehouseLocationTest()'><b>adminWarehouseLocationTest</b><br>Test class: com.miles.tellworks.testcases.AdminTest</td>
<td></td>
<td>4</td>
<td>com.miles.tellworks.testcases.AdminTest@13e344d</td></tr>
<tr>
<td title='com.miles.tellworks.testcases.ReturnsTest.RequestworkflowMaintenanceTest()'><b>RequestworkflowMaintenanceTest</b><br>Test class: com.miles.tellworks.testcases.ReturnsTest</td>
<td></td>
<td>11</td>
<td>com.miles.tellworks.testcases.ReturnsTest@71ba6d4e</td></tr>
<tr>
<td title='com.miles.tellworks.testcases.MaintenanceTest.PartMaintenanceTest()'><b>PartMaintenanceTest</b><br>Test class: com.miles.tellworks.testcases.MaintenanceTest</td>
<td></td>
<td>27</td>
<td>com.miles.tellworks.testcases.MaintenanceTest@3c77d488</td></tr>
<tr>
<td title='com.miles.tellworks.testcases.AdminTest.adminAdjustmentReasonCodesTest()'><b>adminAdjustmentReasonCodesTest</b><br>Test class: com.miles.tellworks.testcases.AdminTest</td>
<td></td>
<td>6</td>
<td>com.miles.tellworks.testcases.AdminTest@13e344d</td></tr>
<tr>
<td title='com.miles.tellworks.testcases.AdminTest.controlTableAreasTest()'><b>controlTableAreasTest</b><br>Test class: com.miles.tellworks.testcases.AdminTest</td>
<td></td>
<td>2</td>
<td>com.miles.tellworks.testcases.AdminTest@13e344d</td></tr>
<tr>
<td title='com.miles.tellworks.testcases.DeploymentsTest.bomSSTest()'><b>bomSSTest</b><br>Test class: com.miles.tellworks.testcases.DeploymentsTest</td>
<td></td>
<td>27</td>
<td>com.miles.tellworks.testcases.DeploymentsTest@55a147cc</td></tr>
<tr>
<td title='com.miles.tellworks.testcases.ReceivingTest.receivingASNManagementTest()'><b>receivingASNManagementTest</b><br>Test class: com.miles.tellworks.testcases.ReceivingTest</td>
<td></td>
<td>11</td>
<td>com.miles.tellworks.testcases.ReceivingTest@738dc9b</td></tr>
<tr>
<td title='com.miles.tellworks.testcases.InventoryTest.minmaxTest()'><b>minmaxTest</b><br>Test class: com.miles.tellworks.testcases.InventoryTest</td>
<td></td>
<td>6</td>
<td>com.miles.tellworks.testcases.InventoryTest@1a6d8329</td></tr>
<tr>
<td title='com.miles.tellworks.testcases.SupportTest.SupportMinMaxTest()'><b>SupportMinMaxTest</b><br>Test class: com.miles.tellworks.testcases.SupportTest</td>
<td></td>
<td>42</td>
<td>com.miles.tellworks.testcases.SupportTest@4145bad8</td></tr>
<tr>
<td title='com.miles.tellworks.testcases.SupportTest.SupportASNManagementTest()'><b>SupportASNManagementTest</b><br>Test class: com.miles.tellworks.testcases.SupportTest</td>
<td></td>
<td>8</td>
<td>com.miles.tellworks.testcases.SupportTest@4145bad8</td></tr>
<tr>
<td title='com.miles.tellworks.testcases.DeploymentsTest.bomTest()'><b>bomTest</b><br>Test class: com.miles.tellworks.testcases.DeploymentsTest</td>
<td></td>
<td>21</td>
<td>com.miles.tellworks.testcases.DeploymentsTest@55a147cc</td></tr>
<tr>
<td title='com.miles.tellworks.testcases.AdminTest.adminWarehouseTest()'><b>adminWarehouseTest</b><br>Test class: com.miles.tellworks.testcases.AdminTest</td>
<td></td>
<td>3</td>
<td>com.miles.tellworks.testcases.AdminTest@13e344d</td></tr>
<tr>
<td title='com.miles.tellworks.testcases.ReceivingTest.receivingASNApprovalsTest()'><b>receivingASNApprovalsTest</b><br>Test class: com.miles.tellworks.testcases.ReceivingTest</td>
<td></td>
<td>6</td>
<td>com.miles.tellworks.testcases.ReceivingTest@738dc9b</td></tr>
<tr>
<td title='com.miles.tellworks.testcases.InventoryTest.onHandSummaryTest()'><b>onHandSummaryTest</b><br>Test class: com.miles.tellworks.testcases.InventoryTest</td>
<td></td>
<td>73</td>
<td>com.miles.tellworks.testcases.InventoryTest@1a6d8329</td></tr>
<tr>
<td title='com.miles.tellworks.testcases.DeploymentsTest.capxTest()'><b>capxTest</b><br>Test class: com.miles.tellworks.testcases.DeploymentsTest</td>
<td></td>
<td>95</td>
<td>com.miles.tellworks.testcases.DeploymentsTest@55a147cc</td></tr>
<tr>
<td title='com.miles.tellworks.testcases.AdminTest.partMaintenanceTest()'><b>partMaintenanceTest</b><br>Test class: com.miles.tellworks.testcases.AdminTest</td>
<td></td>
<td>23</td>
<td>com.miles.tellworks.testcases.AdminTest@13e344d</td></tr>
<tr>
<td title='com.miles.tellworks.testcases.AdminTest.controlTableProjectTest()'><b>controlTableProjectTest</b><br>Test class: com.miles.tellworks.testcases.AdminTest</td>
<td></td>
<td>2</td>
<td>com.miles.tellworks.testcases.AdminTest@13e344d</td></tr>
<tr>
<td title='com.miles.tellworks.testcases.MaintenanceTest.maintenanceWarehouseTest()'><b>maintenanceWarehouseTest</b><br>Test class: com.miles.tellworks.testcases.MaintenanceTest</td>
<td></td>
<td>2</td>
<td>com.miles.tellworks.testcases.MaintenanceTest@3c77d488</td></tr>
<tr>
<td title='com.miles.tellworks.testcases.DeploymentsTest.warehouseTest()'><b>warehouseTest</b><br>Test class: com.miles.tellworks.testcases.DeploymentsTest</td>
<td></td>
<td>9</td>
<td>com.miles.tellworks.testcases.DeploymentsTest@55a147cc</td></tr>
<tr>
<td title='com.miles.tellworks.testcases.SupportTest.SupportConfirmedKitListTest()'><b>SupportConfirmedKitListTest</b><br>Test class: com.miles.tellworks.testcases.SupportTest</td>
<td></td>
<td>8</td>
<td>com.miles.tellworks.testcases.SupportTest@4145bad8</td></tr>
<tr>
<td title='com.miles.tellworks.testcases.MaintenanceTest.maintenanceLocationTest()'><b>maintenanceLocationTest</b><br>Test class: com.miles.tellworks.testcases.MaintenanceTest</td>
<td></td>
<td>3</td>
<td>com.miles.tellworks.testcases.MaintenanceTest@3c77d488</td></tr>
<tr>
<td title='com.miles.tellworks.testcases.InventoryTest.partMasterTest()'><b>partMasterTest</b><br>Test class: com.miles.tellworks.testcases.InventoryTest</td>
<td></td>
<td>17</td>
<td>com.miles.tellworks.testcases.InventoryTest@1a6d8329</td></tr>
<tr>
<td title='com.miles.tellworks.testcases.SupportInventoryValidationTest.SupportInventoryManagementTest()'><b>SupportInventoryManagementTest</b><br>Test class: com.miles.tellworks.testcases.SupportInventoryValidationTest</td>
<td></td>
<td>45</td>
<td>com.miles.tellworks.testcases.SupportInventoryValidationTest@d86a6f</td></tr>
<tr>
<td title='com.miles.tellworks.testcases.SupportTest.SupportPODataSyncTest()'><b>SupportPODataSyncTest</b><br>Test class: com.miles.tellworks.testcases.SupportTest</td>
<td></td>
<td>5</td>
<td>com.miles.tellworks.testcases.SupportTest@4145bad8</td></tr>
<tr>
<td title='com.miles.tellworks.testcases.OperationsTest.pickOpexInventoryTest()'><b>pickOpexInventoryTest</b><br>Test class: com.miles.tellworks.testcases.OperationsTest</td>
<td></td>
<td>11</td>
<td>com.miles.tellworks.testcases.OperationsTest@1a942c18</td></tr>
<tr>
<td title='com.miles.tellworks.testcases.SupportTest.SupportChartTransfertoRepairTest()'><b>SupportChartTransfertoRepairTest</b><br>Test class: com.miles.tellworks.testcases.SupportTest</td>
<td></td>
<td>90</td>
<td>com.miles.tellworks.testcases.SupportTest@4145bad8</td></tr>
<tr>
<td title='com.miles.tellworks.testcases.MaintenanceTest.maintenanceZoneTest()'><b>maintenanceZoneTest</b><br>Test class: com.miles.tellworks.testcases.MaintenanceTest</td>
<td></td>
<td>3</td>
<td>com.miles.tellworks.testcases.MaintenanceTest@3c77d488</td></tr>
<tr>
<td title='com.miles.tellworks.testcases.InventoryTest.stagedInventoryDetailsTest()'><b>stagedInventoryDetailsTest</b><br>Test class: com.miles.tellworks.testcases.InventoryTest</td>
<td></td>
<td>33</td>
<td>com.miles.tellworks.testcases.InventoryTest@1a6d8329</td></tr>
<tr>
<td title='com.miles.tellworks.testcases.MaintenanceTest.SupplierMaintenanceTest()'><b>SupplierMaintenanceTest</b><br>Test class: com.miles.tellworks.testcases.MaintenanceTest</td>
<td></td>
<td>3</td>
<td>com.miles.tellworks.testcases.MaintenanceTest@3c77d488</td></tr>
<tr>
<td title='com.miles.tellworks.testcases.InventoryTest.receivedTest()'><b>receivedTest</b><br>Test class: com.miles.tellworks.testcases.InventoryTest</td>
<td></td>
<td>62</td>
<td>com.miles.tellworks.testcases.InventoryTest@1a6d8329</td></tr>
<tr>
<td title='com.miles.tellworks.testcases.DeploymentsTest.dSRDSTest()'><b>dSRDSTest</b><br>Test class: com.miles.tellworks.testcases.DeploymentsTest</td>
<td></td>
<td>12</td>
<td>com.miles.tellworks.testcases.DeploymentsTest@55a147cc</td></tr>
<tr>
<td title='com.miles.tellworks.testcases.SupportTest.SupportCompleteReversalGridTest()'><b>SupportCompleteReversalGridTest</b><br>Test class: com.miles.tellworks.testcases.SupportTest</td>
<td></td>
<td>7</td>
<td>com.miles.tellworks.testcases.SupportTest@4145bad8</td></tr>
<tr>
<td title='com.miles.tellworks.testcases.DeploymentsTest.deploymentsEmailNotificationSetupTest()'><b>deploymentsEmailNotificationSetupTest</b><br>Test class: com.miles.tellworks.testcases.DeploymentsTest</td>
<td></td>
<td>3</td>
<td>com.miles.tellworks.testcases.DeploymentsTest@55a147cc</td></tr>
<tr>
<td title='com.miles.tellworks.testcases.AdminTest.controlTableMarketTest()'><b>controlTableMarketTest</b><br>Test class: com.miles.tellworks.testcases.AdminTest</td>
<td></td>
<td>2</td>
<td>com.miles.tellworks.testcases.AdminTest@13e344d</td></tr>
<tr>
<td title='com.miles.tellworks.testcases.DeploymentsTest.dOPDTest()'><b>dOPDTest</b><br>Test class: com.miles.tellworks.testcases.DeploymentsTest</td>
<td></td>
<td>38</td>
<td>com.miles.tellworks.testcases.DeploymentsTest@55a147cc</td></tr>
<tr>
<td title='com.miles.tellworks.testcases.AdminTest.adminWarehouseZonesTest()'><b>adminWarehouseZonesTest</b><br>Test class: com.miles.tellworks.testcases.AdminTest</td>
<td></td>
<td>3</td>
<td>com.miles.tellworks.testcases.AdminTest@13e344d</td></tr>
<tr>
<td title='com.miles.tellworks.testcases.OperationsTest.opexInventoryTest()'><b>opexInventoryTest</b><br>Test class: com.miles.tellworks.testcases.OperationsTest</td>
<td></td>
<td>41</td>
<td>com.miles.tellworks.testcases.OperationsTest@1a942c18</td></tr>
<tr>
<td title='com.miles.tellworks.testcases.DeploymentsTest.oVSdTest()'><b>oVSdTest</b><br>Test class: com.miles.tellworks.testcases.DeploymentsTest</td>
<td></td>
<td>23</td>
<td>com.miles.tellworks.testcases.DeploymentsTest@55a147cc</td></tr>
<tr>
<td title='com.miles.tellworks.testcases.DigitalLayerTest.DigitalLayerCorrectionsTest()'><b>DigitalLayerCorrectionsTest</b><br>Test class: com.miles.tellworks.testcases.DigitalLayerTest</td>
<td></td>
<td>21</td>
<td>com.miles.tellworks.testcases.DigitalLayerTest@63376bed</td></tr>
<tr>
<td title='com.miles.tellworks.testcases.SupportTest.SupportPickDefectiveInventoryTest()'><b>SupportPickDefectiveInventoryTest</b><br>Test class: com.miles.tellworks.testcases.SupportTest</td>
<td></td>
<td>8</td>
<td>com.miles.tellworks.testcases.SupportTest@4145bad8</td></tr>
<tr>
<td title='com.miles.tellworks.testcases.InventoryTest.stagedTest()'><b>stagedTest</b><br>Test class: com.miles.tellworks.testcases.InventoryTest</td>
<td></td>
<td>23</td>
<td>com.miles.tellworks.testcases.InventoryTest@1a6d8329</td></tr>
<tr>
<td title='com.miles.tellworks.testcases.ReturnsTest.RequestOverviewTest()'><b>RequestOverviewTest</b><br>Test class: com.miles.tellworks.testcases.ReturnsTest</td>
<td></td>
<td>14</td>
<td>com.miles.tellworks.testcases.ReturnsTest@71ba6d4e</td></tr>
<tr>
<td title='com.miles.tellworks.testcases.SupportTest.SupportErrorsandAlertsTest()'><b>SupportErrorsandAlertsTest</b><br>Test class: com.miles.tellworks.testcases.SupportTest</td>
<td></td>
<td>8</td>
<td>com.miles.tellworks.testcases.SupportTest@4145bad8</td></tr>
<tr>
<td title='com.miles.tellworks.testcases.DeploymentsTest.psmTest()'><b>psmTest</b><br>Test class: com.miles.tellworks.testcases.DeploymentsTest</td>
<td></td>
<td>31</td>
<td>com.miles.tellworks.testcases.DeploymentsTest@55a147cc</td></tr>
<tr>
<td title='com.miles.tellworks.testcases.ReceivingTest.receivingReversalsTest()'><b>receivingReversalsTest</b><br>Test class: com.miles.tellworks.testcases.ReceivingTest</td>
<td></td>
<td>5</td>
<td>com.miles.tellworks.testcases.ReceivingTest@738dc9b</td></tr>
<tr>
<td title='com.miles.tellworks.testcases.DeploymentsTest.siteTest()'><b>siteTest</b><br>Test class: com.miles.tellworks.testcases.DeploymentsTest</td>
<td></td>
<td>15</td>
<td>com.miles.tellworks.testcases.DeploymentsTest@55a147cc</td></tr>
<tr>
<td title='com.miles.tellworks.testcases.SupportTest.SupportCompromisedInventoryReconciliationTest()'><b>SupportCompromisedInventoryReconciliationTest</b><br>Test class: com.miles.tellworks.testcases.SupportTest</td>
<td></td>
<td>9</td>
<td>com.miles.tellworks.testcases.SupportTest@4145bad8</td></tr>
<tr>
<td title='com.miles.tellworks.testcases.ReturnsTest.RequestUserApproverTest()'><b>RequestUserApproverTest</b><br>Test class: com.miles.tellworks.testcases.ReturnsTest</td>
<td></td>
<td>17</td>
<td>com.miles.tellworks.testcases.ReturnsTest@71ba6d4e</td></tr>
<tr>
<td title='com.miles.tellworks.testcases.SupportTest.SupportLoadBuilderMaintenanceTest()'><b>SupportLoadBuilderMaintenanceTest</b><br>Test class: com.miles.tellworks.testcases.SupportTest</td>
<td></td>
<td>70</td>
<td>com.miles.tellworks.testcases.SupportTest@4145bad8</td></tr>
<tr>
<td title='com.miles.tellworks.testcases.AdminTest.userAuditTest()'><b>userAuditTest</b><br>Test class: com.miles.tellworks.testcases.AdminTest</td>
<td></td>
<td>2</td>
<td>com.miles.tellworks.testcases.AdminTest@13e344d</td></tr>
<tr>
<td title='com.miles.tellworks.testcases.SupportTest.SupportReceivingManagementTest()'><b>SupportReceivingManagementTest</b><br>Test class: com.miles.tellworks.testcases.SupportTest</td>
<td></td>
<td>14</td>
<td>com.miles.tellworks.testcases.SupportTest@4145bad8</td></tr>
<tr>
<td title='com.miles.tellworks.testcases.AdminTest.adminReasonCodesTest()'><b>adminReasonCodesTest</b><br>Test class: com.miles.tellworks.testcases.AdminTest</td>
<td></td>
<td>6</td>
<td>com.miles.tellworks.testcases.AdminTest@13e344d</td></tr>
<tr>
<td title='com.miles.tellworks.testcases.SupportTest.SupportOutboundMonitorTest()'><b>SupportOutboundMonitorTest</b><br>Test class: com.miles.tellworks.testcases.SupportTest</td>
<td></td>
<td>10</td>
<td>com.miles.tellworks.testcases.SupportTest@4145bad8</td></tr>
<tr>
<td title='com.miles.tellworks.testcases.AdminTest.marketProjectTest()'><b>marketProjectTest</b><br>Test class: com.miles.tellworks.testcases.AdminTest</td>
<td></td>
<td>4</td>
<td>com.miles.tellworks.testcases.AdminTest@13e344d</td></tr>
<tr>
<td title='com.miles.tellworks.testcases.AdminTest.partMasterTest()'><b>partMasterTest</b><br>Test class: com.miles.tellworks.testcases.AdminTest</td>
<td></td>
<td>16</td>
<td>com.miles.tellworks.testcases.AdminTest@13e344d</td></tr>
<tr>
<td title='com.miles.tellworks.testcases.DeploymentsTest.deploymentsDKRRListTest()'><b>deploymentsDKRRListTest</b><br>Test class: com.miles.tellworks.testcases.DeploymentsTest</td>
<td></td>
<td>12</td>
<td>com.miles.tellworks.testcases.DeploymentsTest@55a147cc</td></tr>
<tr>
<td title='com.miles.tellworks.testcases.AdminTest.controlTableRegionsTest()'><b>controlTableRegionsTest</b><br>Test class: com.miles.tellworks.testcases.AdminTest</td>
<td></td>
<td>2</td>
<td>com.miles.tellworks.testcases.AdminTest@13e344d</td></tr>
</table><p>
</body>
</html>