<?xml version="1.0" encoding="UTF-8"?>
<!-- Generated by org.testng.reporters.JUnitXMLReporter -->
<testsuite ignored="0" hostname="BSS-SBOJEDLA" failures="2" tests="65" name="TellWorks App Test Cases" time="1399.677" errors="0" timestamp="2022-06-03T22:45:42 IST">
  <testcase classname="com.miles.tellworks.testcases.AdminTest" name="adminAdjustmentReasonCodesTest" time="6.477"/>
  <testcase classname="com.miles.tellworks.testcases.AdminTest" name="adminReasonCodesTest" time="6.089"/>
  <testcase classname="com.miles.tellworks.testcases.AdminTest" name="adminSerialManagementTest" time="2.395"/>
  <testcase classname="com.miles.tellworks.testcases.AdminTest" name="adminWarehouseLocationTest" time="4.134"/>
  <testcase classname="com.miles.tellworks.testcases.AdminTest" name="adminWarehouseTest" time="3.756"/>
  <testcase classname="com.miles.tellworks.testcases.AdminTest" name="adminWarehouseZonesTest" time="3.124"/>
  <testcase classname="com.miles.tellworks.testcases.AdminTest" name="controlTableAreasTest" time="2.702"/>
  <testcase classname="com.miles.tellworks.testcases.AdminTest" name="controlTableMarketTest" time="2.312"/>
  <testcase classname="com.miles.tellworks.testcases.AdminTest" name="controlTableProjectTest" time="2.335"/>
  <testcase classname="com.miles.tellworks.testcases.AdminTest" name="controlTableRegionsTest" time="2.403"/>
  <testcase classname="com.miles.tellworks.testcases.AdminTest" name="marketProjectTest" time="4.495"/>
  <testcase classname="com.miles.tellworks.testcases.AdminTest" name="partMaintenanceTest" time="23.541"/>
  <testcase classname="com.miles.tellworks.testcases.AdminTest" name="partMasterTest" time="16.442"/>
  <testcase classname="com.miles.tellworks.testcases.AdminTest" name="regionAreaMarketTest" time="4.456"/>
  <testcase classname="com.miles.tellworks.testcases.AdminTest" name="userAdministratationTest" time="14.052"/>
  <testcase classname="com.miles.tellworks.testcases.AdminTest" name="userAuditTest" time="2.933"/>
  <testcase classname="com.miles.tellworks.testcases.InventoryTest" name="cycleManagementTest" time="12.419"/>
  <testcase classname="com.miles.tellworks.testcases.InventoryTest" name="minmaxTest" time="6.06"/>
  <testcase classname="com.miles.tellworks.testcases.InventoryTest" name="onHandSummaryTest" time="73.824"/>
  <testcase classname="com.miles.tellworks.testcases.InventoryTest" name="partMasterTest" time="17.029"/>
  <testcase classname="com.miles.tellworks.testcases.InventoryTest" name="receivedTest" time="62.112"/>
  <testcase classname="com.miles.tellworks.testcases.InventoryTest" name="shippedTest" time="74.957">
    <failure type="org.openqa.selenium.TimeoutException" message="timeout: Timed out receiving message from renderer: 60.000
  (Session info: chrome=102.0.5005.63)
Build info: version: &amp;apos;4.1.3&amp;apos;, revision: &amp;apos;7b1ebf28ef&amp;apos;
System info: host: &amp;apos;BSS-SBOJEDLA&amp;apos;, ip: &amp;apos;192.168.1.25&amp;apos;, os.name: &amp;apos;Windows 10&amp;apos;, os.arch: &amp;apos;amd64&amp;apos;, os.version: &amp;apos;10.0&amp;apos;, java.version: &amp;apos;17.0.2&amp;apos;
Driver info: org.openqa.selenium.chrome.ChromeDriver
Command: [f5b2f43bd6e2c8835bbb85d3c129c905, clickElement {id=e90bea90-26f8-4124-b915-d9fe81ee8111}]
Capabilities {acceptInsecureCerts: false, browserName: chrome, browserVersion: 102.0.5005.63, chrome: {chromedriverVersion: 102.0.5005.61 (0e59bcc00cc4..., userDataDir: C:\Users\sbojedla\AppData\L...}, goog:chromeOptions: {debuggerAddress: localhost:54164}, javascriptEnabled: true, networkConnectionEnabled: false, pageLoadStrategy: normal, platform: WINDOWS, platformName: WINDOWS, proxy: Proxy(), se:cdp: ws://localhost:54164/devtoo..., se:cdpVersion: 102.0.5005.63, setWindowRect: true, strictFileInteractability: false, timeouts: {implicit: 0, pageLoad: 300000, script: 30000}, unhandledPromptBehavior: dismiss and notify, webauthn:extension:credBlob: true, webauthn:extension:largeBlob: true, webauthn:virtualAuthenticators: true}
Element: [[ChromeDriver: chrome on WINDOWS (f5b2f43bd6e2c8835bbb85d3c129c905)] -&amp;gt; xpath: //input[@id = &amp;apos;MainContent_UserFilter_lbExport&amp;apos;]]
Session ID: f5b2f43bd6e2c8835bbb85d3c129c905">
      <![CDATA[org.openqa.selenium.TimeoutException: timeout: Timed out receiving message from renderer: 60.000
  (Session info: chrome=102.0.5005.63)
Build info: version: '4.1.3', revision: '7b1ebf28ef'
System info: host: 'BSS-SBOJEDLA', ip: '192.168.1.25', os.name: 'Windows 10', os.arch: 'amd64', os.version: '10.0', java.version: '17.0.2'
Driver info: org.openqa.selenium.chrome.ChromeDriver
Command: [f5b2f43bd6e2c8835bbb85d3c129c905, clickElement {id=e90bea90-26f8-4124-b915-d9fe81ee8111}]
Capabilities {acceptInsecureCerts: false, browserName: chrome, browserVersion: 102.0.5005.63, chrome: {chromedriverVersion: 102.0.5005.61 (0e59bcc00cc4..., userDataDir: C:\Users\sbojedla\AppData\L...}, goog:chromeOptions: {debuggerAddress: localhost:54164}, javascriptEnabled: true, networkConnectionEnabled: false, pageLoadStrategy: normal, platform: WINDOWS, platformName: WINDOWS, proxy: Proxy(), se:cdp: ws://localhost:54164/devtoo..., se:cdpVersion: 102.0.5005.63, setWindowRect: true, strictFileInteractability: false, timeouts: {implicit: 0, pageLoad: 300000, script: 30000}, unhandledPromptBehavior: dismiss and notify, webauthn:extension:credBlob: true, webauthn:extension:largeBlob: true, webauthn:virtualAuthenticators: true}
Element: [[ChromeDriver: chrome on WINDOWS (f5b2f43bd6e2c8835bbb85d3c129c905)] -> xpath: //input[@id = 'MainContent_UserFilter_lbExport']]
Session ID: f5b2f43bd6e2c8835bbb85d3c129c905
at org.openqa.selenium.remote.codec.w3c.W3CHttpResponseCodec.createException(W3CHttpResponseCodec.java:200)
at org.openqa.selenium.remote.codec.w3c.W3CHttpResponseCodec.decode(W3CHttpResponseCodec.java:133)
at org.openqa.selenium.remote.codec.w3c.W3CHttpResponseCodec.decode(W3CHttpResponseCodec.java:53)
at org.openqa.selenium.remote.HttpCommandExecutor.execute(HttpCommandExecutor.java:184)
at org.openqa.selenium.remote.service.DriverCommandExecutor.invokeExecute(DriverCommandExecutor.java:167)
at org.openqa.selenium.remote.service.DriverCommandExecutor.execute(DriverCommandExecutor.java:142)
at org.openqa.selenium.remote.RemoteWebDriver.execute(RemoteWebDriver.java:567)
at org.openqa.selenium.remote.RemoteWebElement.execute(RemoteWebElement.java:251)
at org.openqa.selenium.remote.RemoteWebElement.click(RemoteWebElement.java:77)
at org.openqa.selenium.support.pagefactory.internal.LocatingElementHandler.invoke(LocatingElementHandler.java:52)
at jdk.proxy2/jdk.proxy2.$Proxy20.click(Unknown Source)
at com.miles.tellworks.pagepanel.Inventory.shippedInventory(Inventory.java:150)
at com.miles.tellworks.testcases.InventoryTest.shippedTest(InventoryTest.java:52)
at java.base/java.util.ArrayList.forEach(ArrayList.java:1511)
... Removed 35 stack frames]]>
    </failure>
  </testcase> <!-- shippedTest -->
  <testcase classname="com.miles.tellworks.testcases.InventoryTest" name="stagedInventoryDetailsTest" time="33.003"/>
  <testcase classname="com.miles.tellworks.testcases.InventoryTest" name="stagedTest" time="23.063"/>
  <testcase classname="com.miles.tellworks.testcases.OperationsTest" name="opexInventoryTest" time="41.244"/>
  <testcase classname="com.miles.tellworks.testcases.OperationsTest" name="pickOpexInventoryTest" time="11.303"/>
  <testcase classname="com.miles.tellworks.testcases.DeploymentsTest" name="bomSSTest" time="27.329"/>
  <testcase classname="com.miles.tellworks.testcases.DeploymentsTest" name="bomTest" time="21.034"/>
  <testcase classname="com.miles.tellworks.testcases.DeploymentsTest" name="capxTest" time="95.402"/>
  <testcase classname="com.miles.tellworks.testcases.DeploymentsTest" name="dOPDTest" time="38.901"/>
  <testcase classname="com.miles.tellworks.testcases.DeploymentsTest" name="dSRDSTest" time="12.415"/>
  <testcase classname="com.miles.tellworks.testcases.DeploymentsTest" name="deploymentsDKRRListTest" time="12.53"/>
  <testcase classname="com.miles.tellworks.testcases.DeploymentsTest" name="deploymentsEmailNotificationSetupTest" time="3.742"/>
  <testcase classname="com.miles.tellworks.testcases.DeploymentsTest" name="oVSdTest" time="23.279"/>
  <testcase classname="com.miles.tellworks.testcases.DeploymentsTest" name="psmTest" time="31.487"/>
  <testcase classname="com.miles.tellworks.testcases.DeploymentsTest" name="siteTest" time="15.663"/>
  <testcase classname="com.miles.tellworks.testcases.DeploymentsTest" name="warehouseTest" time="9.679"/>
  <testcase classname="com.miles.tellworks.testcases.ReturnsTest" name="RequestOverviewTest" time="14.361"/>
  <testcase classname="com.miles.tellworks.testcases.ReturnsTest" name="RequestUserApproverTest" time="17.102"/>
  <testcase classname="com.miles.tellworks.testcases.ReturnsTest" name="RequestworkflowMaintenanceTest" time="11.077"/>
  <testcase classname="com.miles.tellworks.testcases.ReceivingTest" name="receivingASNApprovalsTest" time="6.629"/>
  <testcase classname="com.miles.tellworks.testcases.ReceivingTest" name="receivingASNManagementTest" time="11.199"/>
  <testcase classname="com.miles.tellworks.testcases.ReceivingTest" name="receivingManagementTest" time="5.58"/>
  <testcase classname="com.miles.tellworks.testcases.ReceivingTest" name="receivingReversalsTest" time="5.375"/>
  <testcase classname="com.miles.tellworks.testcases.MaintenanceTest" name="PartMaintenanceTest" time="27.121"/>
  <testcase classname="com.miles.tellworks.testcases.MaintenanceTest" name="SupplierMaintenanceTest" time="3.637"/>
  <testcase classname="com.miles.tellworks.testcases.MaintenanceTest" name="maintenanceLocationTest" time="3.815"/>
  <testcase classname="com.miles.tellworks.testcases.MaintenanceTest" name="maintenanceWarehouseTest" time="2.304"/>
  <testcase classname="com.miles.tellworks.testcases.MaintenanceTest" name="maintenanceZoneTest" time="3.038"/>
  <testcase classname="com.miles.tellworks.testcases.DigitalLayerTest" name="DigitalLayerCorrectionsTest" time="21.791"/>
  <testcase classname="com.miles.tellworks.testcases.SupportTest" name="SupportErrorsandAlertsTest" time="8.146"/>
  <testcase classname="com.miles.tellworks.testcases.SupportTest" name="SupportMinMaxTest" time="42.921"/>
  <testcase classname="com.miles.tellworks.testcases.SupportTest" name="SupportCompromisedInventoryReconciliationTest" time="9.31"/>
  <testcase classname="com.miles.tellworks.testcases.SupportTest" name="SupportPickDefectiveInventoryTest" time="8.773"/>
  <testcase classname="com.miles.tellworks.testcases.SupportTest" name="SupportChartTransfertoRepairTest" time="90.502"/>
  <testcase classname="com.miles.tellworks.testcases.SupportTest" name="SupportReceivingManagementTest" time="14.697"/>
  <testcase classname="com.miles.tellworks.testcases.SupportTest" name="SupportASNManagementTest" time="8.652"/>
  <testcase classname="com.miles.tellworks.testcases.SupportTest" name="SupportPOSAReversalsTest" time="9.305"/>
  <testcase classname="com.miles.tellworks.testcases.SupportTest" name="SupportCompleteReversalGridTest" time="7.818"/>
  <testcase classname="com.miles.tellworks.testcases.SupportTest" name="SupportConfirmedKitListTest" time="8.082"/>
  <testcase classname="com.miles.tellworks.testcases.SupportTest" name="SupportLoadBuilderMaintenanceTest" time="70.664"/>
  <testcase classname="com.miles.tellworks.testcases.SupportTest" name="SupportPODataSyncTest" time="5.289"/>
  <testcase classname="com.miles.tellworks.testcases.SupportTest" name="SupportOutboundMonitorTest" time="10.285"/>
  <testcase classname="com.miles.tellworks.testcases.SupportTest" name="SupportInventoryValidationTest" time="63.094">
    <failure type="org.openqa.selenium.NoSuchElementException" message="no such element: Unable to locate element: {&amp;quot;method&amp;quot;:&amp;quot;link text&amp;quot;,&amp;quot;selector&amp;quot;:&amp;quot;Inventory Validation vs. In &amp;amp; Out&amp;quot;}
  (Session info: chrome=102.0.5005.63)
For documentation on this error, please visit: https://selenium.dev/exceptions/#no_such_element
Build info: version: &amp;apos;4.1.3&amp;apos;, revision: &amp;apos;7b1ebf28ef&amp;apos;
System info: host: &amp;apos;BSS-SBOJEDLA&amp;apos;, ip: &amp;apos;192.168.1.25&amp;apos;, os.name: &amp;apos;Windows 10&amp;apos;, os.arch: &amp;apos;amd64&amp;apos;, os.version: &amp;apos;10.0&amp;apos;, java.version: &amp;apos;17.0.2&amp;apos;
Driver info: org.openqa.selenium.chrome.ChromeDriver
Command: [9dab898e6fa825f9691605cd7975b8e3, findElement {using=link text, value=Inventory Validation vs. In &amp;amp; Out}]
Capabilities {acceptInsecureCerts: false, browserName: chrome, browserVersion: 102.0.5005.63, chrome: {chromedriverVersion: 102.0.5005.61 (0e59bcc00cc4..., userDataDir: C:\Users\sbojedla\AppData\L...}, goog:chromeOptions: {debuggerAddress: localhost:56098}, javascriptEnabled: true, networkConnectionEnabled: false, pageLoadStrategy: normal, platform: WINDOWS, platformName: WINDOWS, proxy: Proxy(), se:cdp: ws://localhost:56098/devtoo..., se:cdpVersion: 102.0.5005.63, setWindowRect: true, strictFileInteractability: false, timeouts: {implicit: 0, pageLoad: 300000, script: 30000}, unhandledPromptBehavior: dismiss and notify, webauthn:extension:credBlob: true, webauthn:extension:largeBlob: true, webauthn:virtualAuthenticators: true}
Session ID: 9dab898e6fa825f9691605cd7975b8e3">
      <![CDATA[org.openqa.selenium.NoSuchElementException: no such element: Unable to locate element: {"method":"link text","selector":"Inventory Validation vs. In & Out"}
  (Session info: chrome=102.0.5005.63)
For documentation on this error, please visit: https://selenium.dev/exceptions/#no_such_element
Build info: version: '4.1.3', revision: '7b1ebf28ef'
System info: host: 'BSS-SBOJEDLA', ip: '192.168.1.25', os.name: 'Windows 10', os.arch: 'amd64', os.version: '10.0', java.version: '17.0.2'
Driver info: org.openqa.selenium.chrome.ChromeDriver
Command: [9dab898e6fa825f9691605cd7975b8e3, findElement {using=link text, value=Inventory Validation vs. In & Out}]
Capabilities {acceptInsecureCerts: false, browserName: chrome, browserVersion: 102.0.5005.63, chrome: {chromedriverVersion: 102.0.5005.61 (0e59bcc00cc4..., userDataDir: C:\Users\sbojedla\AppData\L...}, goog:chromeOptions: {debuggerAddress: localhost:56098}, javascriptEnabled: true, networkConnectionEnabled: false, pageLoadStrategy: normal, platform: WINDOWS, platformName: WINDOWS, proxy: Proxy(), se:cdp: ws://localhost:56098/devtoo..., se:cdpVersion: 102.0.5005.63, setWindowRect: true, strictFileInteractability: false, timeouts: {implicit: 0, pageLoad: 300000, script: 30000}, unhandledPromptBehavior: dismiss and notify, webauthn:extension:credBlob: true, webauthn:extension:largeBlob: true, webauthn:virtualAuthenticators: true}
Session ID: 9dab898e6fa825f9691605cd7975b8e3
at org.openqa.selenium.remote.codec.w3c.W3CHttpResponseCodec.createException(W3CHttpResponseCodec.java:200)
at org.openqa.selenium.remote.codec.w3c.W3CHttpResponseCodec.decode(W3CHttpResponseCodec.java:133)
at org.openqa.selenium.remote.codec.w3c.W3CHttpResponseCodec.decode(W3CHttpResponseCodec.java:53)
at org.openqa.selenium.remote.HttpCommandExecutor.execute(HttpCommandExecutor.java:184)
at org.openqa.selenium.remote.service.DriverCommandExecutor.invokeExecute(DriverCommandExecutor.java:167)
at org.openqa.selenium.remote.service.DriverCommandExecutor.execute(DriverCommandExecutor.java:142)
at org.openqa.selenium.remote.RemoteWebDriver.execute(RemoteWebDriver.java:567)
at org.openqa.selenium.remote.ElementLocation$ElementFinder$2.findElement(ElementLocation.java:162)
at org.openqa.selenium.remote.ElementLocation.findElement(ElementLocation.java:60)
at org.openqa.selenium.remote.RemoteWebDriver.findElement(RemoteWebDriver.java:385)
at org.openqa.selenium.remote.RemoteWebDriver.findElement(RemoteWebDriver.java:377)
at com.miles.tellworks.pagepanel.Support.SupportInventoryValidation(Support.java:445)
at com.miles.tellworks.testcases.SupportTest.SupportInventoryValidationTest(SupportTest.java:124)
at java.base/java.util.ArrayList.forEach(ArrayList.java:1511)
... Removed 32 stack frames]]>
    </failure>
  </testcase> <!-- SupportInventoryValidationTest -->
  <testcase classname="com.miles.tellworks.testcases.SupportInventoryValidationTest" name="SupportInventoryManagementTest" time="45.433"/>
</testsuite> <!-- TellWorks App Test Cases -->
