<?xml version="1.0" encoding="UTF-8"?>
<testng-results ignored="0" total="65" passed="63" failed="2" skipped="0">
  <reporter-output>
  </reporter-output>
  <suite started-at="2022-06-03T22:22:22 IST" name="TellWorks Application Automation Test Suite" finished-at="2022-06-03T22:45:42 IST" duration-ms="1399677">
    <groups>
    </groups>
    <test started-at="2022-06-03T22:22:22 IST" name="TellWorks App Test Cases" finished-at="2022-06-03T22:45:42 IST" duration-ms="1399677">
      <class name="com.miles.tellworks.testcases.ReceivingTest">
        <test-method is-config="true" signature="setExtent()[pri:0, instance:com.miles.tellworks.testcases.ReceivingTest@738dc9b]" started-at="2022-06-03T22:22:22 IST" name="setExtent" finished-at="2022-06-03T22:22:22 IST" duration-ms="2" status="PASS">
          <reporter-output>
          </reporter-output>
        </test-method> <!-- setExtent -->
        <test-method is-config="true" signature="launchBrowser()[pri:0, instance:com.miles.tellworks.testcases.ReceivingTest@738dc9b]" started-at="2022-06-03T22:36:45 IST" name="launchBrowser" finished-at="2022-06-03T22:36:52 IST" duration-ms="6785" status="PASS">
          <reporter-output>
          </reporter-output>
        </test-method> <!-- launchBrowser -->
        <test-method signature="receivingASNApprovalsTest()[pri:0, instance:com.miles.tellworks.testcases.ReceivingTest@738dc9b]" started-at="2022-06-03T22:36:52 IST" name="receivingASNApprovalsTest" finished-at="2022-06-03T22:36:58 IST" duration-ms="6629" status="PASS">
          <reporter-output>
          </reporter-output>
        </test-method> <!-- receivingASNApprovalsTest -->
        <test-method is-config="true" signature="tearDown(org.testng.ITestResult)[pri:0, instance:com.miles.tellworks.testcases.ReceivingTest@738dc9b]" started-at="2022-06-03T22:36:58 IST" name="tearDown" finished-at="2022-06-03T22:36:58 IST" duration-ms="0" status="PASS">
          <params>
            <param index="0">
              <value>
                <![CDATA[[TestResult name=receivingASNApprovalsTest status=SUCCESS method=ReceivingTest.receivingASNApprovalsTest()[pri:0, instance:com.miles.tellworks.testcases.ReceivingTest@738dc9b] output={null}]]]>
              </value>
            </param>
          </params>
          <reporter-output>
          </reporter-output>
        </test-method> <!-- tearDown -->
        <test-method signature="receivingASNManagementTest()[pri:0, instance:com.miles.tellworks.testcases.ReceivingTest@738dc9b]" started-at="2022-06-03T22:36:58 IST" name="receivingASNManagementTest" finished-at="2022-06-03T22:37:10 IST" duration-ms="11199" status="PASS">
          <reporter-output>
          </reporter-output>
        </test-method> <!-- receivingASNManagementTest -->
        <test-method is-config="true" signature="tearDown(org.testng.ITestResult)[pri:0, instance:com.miles.tellworks.testcases.ReceivingTest@738dc9b]" started-at="2022-06-03T22:37:10 IST" name="tearDown" finished-at="2022-06-03T22:37:10 IST" duration-ms="0" status="PASS">
          <params>
            <param index="0">
              <value>
                <![CDATA[[TestResult name=receivingASNManagementTest status=SUCCESS method=ReceivingTest.receivingASNManagementTest()[pri:0, instance:com.miles.tellworks.testcases.ReceivingTest@738dc9b] output={null}]]]>
              </value>
            </param>
          </params>
          <reporter-output>
          </reporter-output>
        </test-method> <!-- tearDown -->
        <test-method signature="receivingManagementTest()[pri:0, instance:com.miles.tellworks.testcases.ReceivingTest@738dc9b]" started-at="2022-06-03T22:37:10 IST" name="receivingManagementTest" finished-at="2022-06-03T22:37:15 IST" duration-ms="5580" status="PASS">
          <reporter-output>
          </reporter-output>
        </test-method> <!-- receivingManagementTest -->
        <test-method is-config="true" signature="tearDown(org.testng.ITestResult)[pri:0, instance:com.miles.tellworks.testcases.ReceivingTest@738dc9b]" started-at="2022-06-03T22:37:15 IST" name="tearDown" finished-at="2022-06-03T22:37:15 IST" duration-ms="1" status="PASS">
          <params>
            <param index="0">
              <value>
                <![CDATA[[TestResult name=receivingManagementTest status=SUCCESS method=ReceivingTest.receivingManagementTest()[pri:0, instance:com.miles.tellworks.testcases.ReceivingTest@738dc9b] output={null}]]]>
              </value>
            </param>
          </params>
          <reporter-output>
          </reporter-output>
        </test-method> <!-- tearDown -->
        <test-method signature="receivingReversalsTest()[pri:0, instance:com.miles.tellworks.testcases.ReceivingTest@738dc9b]" started-at="2022-06-03T22:37:15 IST" name="receivingReversalsTest" finished-at="2022-06-03T22:37:21 IST" duration-ms="5375" status="PASS">
          <reporter-output>
          </reporter-output>
        </test-method> <!-- receivingReversalsTest -->
        <test-method is-config="true" signature="tearDown(org.testng.ITestResult)[pri:0, instance:com.miles.tellworks.testcases.ReceivingTest@738dc9b]" started-at="2022-06-03T22:37:21 IST" name="tearDown" finished-at="2022-06-03T22:37:21 IST" duration-ms="0" status="PASS">
          <params>
            <param index="0">
              <value>
                <![CDATA[[TestResult name=receivingReversalsTest status=SUCCESS method=ReceivingTest.receivingReversalsTest()[pri:0, instance:com.miles.tellworks.testcases.ReceivingTest@738dc9b] output={null}]]]>
              </value>
            </param>
          </params>
          <reporter-output>
          </reporter-output>
        </test-method> <!-- tearDown -->
        <test-method is-config="true" signature="CloseBrowser()[pri:0, instance:com.miles.tellworks.testcases.ReceivingTest@738dc9b]" started-at="2022-06-03T22:37:21 IST" name="CloseBrowser" finished-at="2022-06-03T22:37:21 IST" duration-ms="325" status="PASS">
          <reporter-output>
          </reporter-output>
        </test-method> <!-- CloseBrowser -->
        <test-method is-config="true" signature="endReport()[pri:0, instance:com.miles.tellworks.testcases.ReceivingTest@738dc9b]" started-at="2022-06-03T22:45:42 IST" name="endReport" finished-at="2022-06-03T22:45:42 IST" duration-ms="38" status="PASS">
          <reporter-output>
          </reporter-output>
        </test-method> <!-- endReport -->
      </class> <!-- com.miles.tellworks.testcases.ReceivingTest -->
      <class name="com.miles.tellworks.testcases.AdminTest">
        <test-method is-config="true" signature="setExtent()[pri:0, instance:com.miles.tellworks.testcases.AdminTest@13e344d]" started-at="2022-06-03T22:22:22 IST" name="setExtent" finished-at="2022-06-03T22:22:22 IST" duration-ms="181" status="PASS">
          <reporter-output>
          </reporter-output>
        </test-method> <!-- setExtent -->
        <test-method is-config="true" signature="launchBrowser()[pri:0, instance:com.miles.tellworks.testcases.AdminTest@13e344d]" started-at="2022-06-03T22:22:22 IST" name="launchBrowser" finished-at="2022-06-03T22:22:52 IST" duration-ms="29554" status="PASS">
          <reporter-output>
          </reporter-output>
        </test-method> <!-- launchBrowser -->
        <test-method signature="adminAdjustmentReasonCodesTest()[pri:0, instance:com.miles.tellworks.testcases.AdminTest@13e344d]" started-at="2022-06-03T22:22:52 IST" name="adminAdjustmentReasonCodesTest" finished-at="2022-06-03T22:22:58 IST" duration-ms="6477" status="PASS">
          <reporter-output>
          </reporter-output>
        </test-method> <!-- adminAdjustmentReasonCodesTest -->
        <test-method is-config="true" signature="tearDown(org.testng.ITestResult)[pri:0, instance:com.miles.tellworks.testcases.AdminTest@13e344d]" started-at="2022-06-03T22:22:58 IST" name="tearDown" finished-at="2022-06-03T22:22:58 IST" duration-ms="3" status="PASS">
          <params>
            <param index="0">
              <value>
                <![CDATA[[TestResult name=adminAdjustmentReasonCodesTest status=SUCCESS method=AdminTest.adminAdjustmentReasonCodesTest()[pri:0, instance:com.miles.tellworks.testcases.AdminTest@13e344d] output={null}]]]>
              </value>
            </param>
          </params>
          <reporter-output>
          </reporter-output>
        </test-method> <!-- tearDown -->
        <test-method signature="adminReasonCodesTest()[pri:0, instance:com.miles.tellworks.testcases.AdminTest@13e344d]" started-at="2022-06-03T22:22:58 IST" name="adminReasonCodesTest" finished-at="2022-06-03T22:23:04 IST" duration-ms="6089" status="PASS">
          <reporter-output>
          </reporter-output>
        </test-method> <!-- adminReasonCodesTest -->
        <test-method is-config="true" signature="tearDown(org.testng.ITestResult)[pri:0, instance:com.miles.tellworks.testcases.AdminTest@13e344d]" started-at="2022-06-03T22:23:04 IST" name="tearDown" finished-at="2022-06-03T22:23:04 IST" duration-ms="1" status="PASS">
          <params>
            <param index="0">
              <value>
                <![CDATA[[TestResult name=adminReasonCodesTest status=SUCCESS method=AdminTest.adminReasonCodesTest()[pri:0, instance:com.miles.tellworks.testcases.AdminTest@13e344d] output={null}]]]>
              </value>
            </param>
          </params>
          <reporter-output>
          </reporter-output>
        </test-method> <!-- tearDown -->
        <test-method signature="adminSerialManagementTest()[pri:0, instance:com.miles.tellworks.testcases.AdminTest@13e344d]" started-at="2022-06-03T22:23:04 IST" name="adminSerialManagementTest" finished-at="2022-06-03T22:23:07 IST" duration-ms="2395" status="PASS">
          <reporter-output>
          </reporter-output>
        </test-method> <!-- adminSerialManagementTest -->
        <test-method is-config="true" signature="tearDown(org.testng.ITestResult)[pri:0, instance:com.miles.tellworks.testcases.AdminTest@13e344d]" started-at="2022-06-03T22:23:07 IST" name="tearDown" finished-at="2022-06-03T22:23:07 IST" duration-ms="2" status="PASS">
          <params>
            <param index="0">
              <value>
                <![CDATA[[TestResult name=adminSerialManagementTest status=SUCCESS method=AdminTest.adminSerialManagementTest()[pri:0, instance:com.miles.tellworks.testcases.AdminTest@13e344d] output={null}]]]>
              </value>
            </param>
          </params>
          <reporter-output>
          </reporter-output>
        </test-method> <!-- tearDown -->
        <test-method signature="adminWarehouseLocationTest()[pri:0, instance:com.miles.tellworks.testcases.AdminTest@13e344d]" started-at="2022-06-03T22:23:07 IST" name="adminWarehouseLocationTest" finished-at="2022-06-03T22:23:11 IST" duration-ms="4134" status="PASS">
          <reporter-output>
          </reporter-output>
        </test-method> <!-- adminWarehouseLocationTest -->
        <test-method signature="adminWarehouseTest()[pri:0, instance:com.miles.tellworks.testcases.AdminTest@13e344d]" started-at="2022-06-03T22:23:11 IST" name="adminWarehouseTest" finished-at="2022-06-03T22:23:15 IST" duration-ms="3756" status="PASS">
          <reporter-output>
          </reporter-output>
        </test-method> <!-- adminWarehouseTest -->
        <test-method is-config="true" signature="tearDown(org.testng.ITestResult)[pri:0, instance:com.miles.tellworks.testcases.AdminTest@13e344d]" started-at="2022-06-03T22:23:11 IST" name="tearDown" finished-at="2022-06-03T22:23:11 IST" duration-ms="0" status="PASS">
          <params>
            <param index="0">
              <value>
                <![CDATA[[TestResult name=adminWarehouseLocationTest status=SUCCESS method=AdminTest.adminWarehouseLocationTest()[pri:0, instance:com.miles.tellworks.testcases.AdminTest@13e344d] output={null}]]]>
              </value>
            </param>
          </params>
          <reporter-output>
          </reporter-output>
        </test-method> <!-- tearDown -->
        <test-method is-config="true" signature="tearDown(org.testng.ITestResult)[pri:0, instance:com.miles.tellworks.testcases.AdminTest@13e344d]" started-at="2022-06-03T22:23:15 IST" name="tearDown" finished-at="2022-06-03T22:23:15 IST" duration-ms="1" status="PASS">
          <params>
            <param index="0">
              <value>
                <![CDATA[[TestResult name=adminWarehouseTest status=SUCCESS method=AdminTest.adminWarehouseTest()[pri:0, instance:com.miles.tellworks.testcases.AdminTest@13e344d] output={null}]]]>
              </value>
            </param>
          </params>
          <reporter-output>
          </reporter-output>
        </test-method> <!-- tearDown -->
        <test-method signature="adminWarehouseZonesTest()[pri:0, instance:com.miles.tellworks.testcases.AdminTest@13e344d]" started-at="2022-06-03T22:23:15 IST" name="adminWarehouseZonesTest" finished-at="2022-06-03T22:23:18 IST" duration-ms="3124" status="PASS">
          <reporter-output>
          </reporter-output>
        </test-method> <!-- adminWarehouseZonesTest -->
        <test-method is-config="true" signature="tearDown(org.testng.ITestResult)[pri:0, instance:com.miles.tellworks.testcases.AdminTest@13e344d]" started-at="2022-06-03T22:23:18 IST" name="tearDown" finished-at="2022-06-03T22:23:18 IST" duration-ms="1" status="PASS">
          <params>
            <param index="0">
              <value>
                <![CDATA[[TestResult name=adminWarehouseZonesTest status=SUCCESS method=AdminTest.adminWarehouseZonesTest()[pri:0, instance:com.miles.tellworks.testcases.AdminTest@13e344d] output={null}]]]>
              </value>
            </param>
          </params>
          <reporter-output>
          </reporter-output>
        </test-method> <!-- tearDown -->
        <test-method signature="controlTableAreasTest()[pri:0, instance:com.miles.tellworks.testcases.AdminTest@13e344d]" started-at="2022-06-03T22:23:18 IST" name="controlTableAreasTest" finished-at="2022-06-03T22:23:21 IST" duration-ms="2702" status="PASS">
          <reporter-output>
          </reporter-output>
        </test-method> <!-- controlTableAreasTest -->
        <test-method is-config="true" signature="tearDown(org.testng.ITestResult)[pri:0, instance:com.miles.tellworks.testcases.AdminTest@13e344d]" started-at="2022-06-03T22:23:21 IST" name="tearDown" finished-at="2022-06-03T22:23:21 IST" duration-ms="0" status="PASS">
          <params>
            <param index="0">
              <value>
                <![CDATA[[TestResult name=controlTableAreasTest status=SUCCESS method=AdminTest.controlTableAreasTest()[pri:0, instance:com.miles.tellworks.testcases.AdminTest@13e344d] output={null}]]]>
              </value>
            </param>
          </params>
          <reporter-output>
          </reporter-output>
        </test-method> <!-- tearDown -->
        <test-method signature="controlTableMarketTest()[pri:0, instance:com.miles.tellworks.testcases.AdminTest@13e344d]" started-at="2022-06-03T22:23:21 IST" name="controlTableMarketTest" finished-at="2022-06-03T22:23:23 IST" duration-ms="2312" status="PASS">
          <reporter-output>
          </reporter-output>
        </test-method> <!-- controlTableMarketTest -->
        <test-method signature="controlTableProjectTest()[pri:0, instance:com.miles.tellworks.testcases.AdminTest@13e344d]" started-at="2022-06-03T22:23:23 IST" name="controlTableProjectTest" finished-at="2022-06-03T22:23:25 IST" duration-ms="2335" status="PASS">
          <reporter-output>
          </reporter-output>
        </test-method> <!-- controlTableProjectTest -->
        <test-method is-config="true" signature="tearDown(org.testng.ITestResult)[pri:0, instance:com.miles.tellworks.testcases.AdminTest@13e344d]" started-at="2022-06-03T22:23:23 IST" name="tearDown" finished-at="2022-06-03T22:23:23 IST" duration-ms="0" status="PASS">
          <params>
            <param index="0">
              <value>
                <![CDATA[[TestResult name=controlTableMarketTest status=SUCCESS method=AdminTest.controlTableMarketTest()[pri:0, instance:com.miles.tellworks.testcases.AdminTest@13e344d] output={null}]]]>
              </value>
            </param>
          </params>
          <reporter-output>
          </reporter-output>
        </test-method> <!-- tearDown -->
        <test-method is-config="true" signature="tearDown(org.testng.ITestResult)[pri:0, instance:com.miles.tellworks.testcases.AdminTest@13e344d]" started-at="2022-06-03T22:23:25 IST" name="tearDown" finished-at="2022-06-03T22:23:25 IST" duration-ms="1" status="PASS">
          <params>
            <param index="0">
              <value>
                <![CDATA[[TestResult name=controlTableProjectTest status=SUCCESS method=AdminTest.controlTableProjectTest()[pri:0, instance:com.miles.tellworks.testcases.AdminTest@13e344d] output={null}]]]>
              </value>
            </param>
          </params>
          <reporter-output>
          </reporter-output>
        </test-method> <!-- tearDown -->
        <test-method signature="controlTableRegionsTest()[pri:0, instance:com.miles.tellworks.testcases.AdminTest@13e344d]" started-at="2022-06-03T22:23:25 IST" name="controlTableRegionsTest" finished-at="2022-06-03T22:23:28 IST" duration-ms="2403" status="PASS">
          <reporter-output>
          </reporter-output>
        </test-method> <!-- controlTableRegionsTest -->
        <test-method is-config="true" signature="tearDown(org.testng.ITestResult)[pri:0, instance:com.miles.tellworks.testcases.AdminTest@13e344d]" started-at="2022-06-03T22:23:28 IST" name="tearDown" finished-at="2022-06-03T22:23:28 IST" duration-ms="0" status="PASS">
          <params>
            <param index="0">
              <value>
                <![CDATA[[TestResult name=controlTableRegionsTest status=SUCCESS method=AdminTest.controlTableRegionsTest()[pri:0, instance:com.miles.tellworks.testcases.AdminTest@13e344d] output={null}]]]>
              </value>
            </param>
          </params>
          <reporter-output>
          </reporter-output>
        </test-method> <!-- tearDown -->
        <test-method signature="marketProjectTest()[pri:0, instance:com.miles.tellworks.testcases.AdminTest@13e344d]" started-at="2022-06-03T22:23:28 IST" name="marketProjectTest" finished-at="2022-06-03T22:23:32 IST" duration-ms="4495" status="PASS">
          <reporter-output>
          </reporter-output>
        </test-method> <!-- marketProjectTest -->
        <test-method is-config="true" signature="tearDown(org.testng.ITestResult)[pri:0, instance:com.miles.tellworks.testcases.AdminTest@13e344d]" started-at="2022-06-03T22:23:32 IST" name="tearDown" finished-at="2022-06-03T22:23:32 IST" duration-ms="0" status="PASS">
          <params>
            <param index="0">
              <value>
                <![CDATA[[TestResult name=marketProjectTest status=SUCCESS method=AdminTest.marketProjectTest()[pri:0, instance:com.miles.tellworks.testcases.AdminTest@13e344d] output={null}]]]>
              </value>
            </param>
          </params>
          <reporter-output>
          </reporter-output>
        </test-method> <!-- tearDown -->
        <test-method signature="partMaintenanceTest()[pri:0, instance:com.miles.tellworks.testcases.AdminTest@13e344d]" started-at="2022-06-03T22:23:32 IST" name="partMaintenanceTest" finished-at="2022-06-03T22:23:56 IST" duration-ms="23541" status="PASS">
          <reporter-output>
          </reporter-output>
        </test-method> <!-- partMaintenanceTest -->
        <test-method is-config="true" signature="tearDown(org.testng.ITestResult)[pri:0, instance:com.miles.tellworks.testcases.AdminTest@13e344d]" started-at="2022-06-03T22:23:56 IST" name="tearDown" finished-at="2022-06-03T22:23:56 IST" duration-ms="0" status="PASS">
          <params>
            <param index="0">
              <value>
                <![CDATA[[TestResult name=partMaintenanceTest status=SUCCESS method=AdminTest.partMaintenanceTest()[pri:0, instance:com.miles.tellworks.testcases.AdminTest@13e344d] output={null}]]]>
              </value>
            </param>
          </params>
          <reporter-output>
          </reporter-output>
        </test-method> <!-- tearDown -->
        <test-method signature="partMasterTest()[pri:0, instance:com.miles.tellworks.testcases.AdminTest@13e344d]" started-at="2022-06-03T22:23:56 IST" name="partMasterTest" finished-at="2022-06-03T22:24:12 IST" duration-ms="16442" status="PASS">
          <reporter-output>
          </reporter-output>
        </test-method> <!-- partMasterTest -->
        <test-method signature="regionAreaMarketTest()[pri:0, instance:com.miles.tellworks.testcases.AdminTest@13e344d]" started-at="2022-06-03T22:24:12 IST" name="regionAreaMarketTest" finished-at="2022-06-03T22:24:17 IST" duration-ms="4456" status="PASS">
          <reporter-output>
          </reporter-output>
        </test-method> <!-- regionAreaMarketTest -->
        <test-method is-config="true" signature="tearDown(org.testng.ITestResult)[pri:0, instance:com.miles.tellworks.testcases.AdminTest@13e344d]" started-at="2022-06-03T22:24:12 IST" name="tearDown" finished-at="2022-06-03T22:24:12 IST" duration-ms="0" status="PASS">
          <params>
            <param index="0">
              <value>
                <![CDATA[[TestResult name=partMasterTest status=SUCCESS method=AdminTest.partMasterTest()[pri:0, instance:com.miles.tellworks.testcases.AdminTest@13e344d] output={null}]]]>
              </value>
            </param>
          </params>
          <reporter-output>
          </reporter-output>
        </test-method> <!-- tearDown -->
        <test-method is-config="true" signature="tearDown(org.testng.ITestResult)[pri:0, instance:com.miles.tellworks.testcases.AdminTest@13e344d]" started-at="2022-06-03T22:24:17 IST" name="tearDown" finished-at="2022-06-03T22:24:17 IST" duration-ms="0" status="PASS">
          <params>
            <param index="0">
              <value>
                <![CDATA[[TestResult name=regionAreaMarketTest status=SUCCESS method=AdminTest.regionAreaMarketTest()[pri:0, instance:com.miles.tellworks.testcases.AdminTest@13e344d] output={null}]]]>
              </value>
            </param>
          </params>
          <reporter-output>
          </reporter-output>
        </test-method> <!-- tearDown -->
        <test-method signature="userAdministratationTest()[pri:0, instance:com.miles.tellworks.testcases.AdminTest@13e344d]" started-at="2022-06-03T22:24:17 IST" name="userAdministratationTest" finished-at="2022-06-03T22:24:31 IST" duration-ms="14052" status="PASS">
          <reporter-output>
          </reporter-output>
        </test-method> <!-- userAdministratationTest -->
        <test-method is-config="true" signature="tearDown(org.testng.ITestResult)[pri:0, instance:com.miles.tellworks.testcases.AdminTest@13e344d]" started-at="2022-06-03T22:24:31 IST" name="tearDown" finished-at="2022-06-03T22:24:31 IST" duration-ms="1" status="PASS">
          <params>
            <param index="0">
              <value>
                <![CDATA[[TestResult name=userAdministratationTest status=SUCCESS method=AdminTest.userAdministratationTest()[pri:0, instance:com.miles.tellworks.testcases.AdminTest@13e344d] output={null}]]]>
              </value>
            </param>
          </params>
          <reporter-output>
          </reporter-output>
        </test-method> <!-- tearDown -->
        <test-method signature="userAuditTest()[pri:0, instance:com.miles.tellworks.testcases.AdminTest@13e344d]" started-at="2022-06-03T22:24:31 IST" name="userAuditTest" finished-at="2022-06-03T22:24:34 IST" duration-ms="2933" status="PASS">
          <reporter-output>
          </reporter-output>
        </test-method> <!-- userAuditTest -->
        <test-method is-config="true" signature="tearDown(org.testng.ITestResult)[pri:0, instance:com.miles.tellworks.testcases.AdminTest@13e344d]" started-at="2022-06-03T22:24:34 IST" name="tearDown" finished-at="2022-06-03T22:24:34 IST" duration-ms="1" status="PASS">
          <params>
            <param index="0">
              <value>
                <![CDATA[[TestResult name=userAuditTest status=SUCCESS method=AdminTest.userAuditTest()[pri:0, instance:com.miles.tellworks.testcases.AdminTest@13e344d] output={null}]]]>
              </value>
            </param>
          </params>
          <reporter-output>
          </reporter-output>
        </test-method> <!-- tearDown -->
        <test-method is-config="true" signature="CloseBrowser()[pri:0, instance:com.miles.tellworks.testcases.AdminTest@13e344d]" started-at="2022-06-03T22:24:34 IST" name="CloseBrowser" finished-at="2022-06-03T22:24:34 IST" duration-ms="369" status="PASS">
          <reporter-output>
          </reporter-output>
        </test-method> <!-- CloseBrowser -->
        <test-method is-config="true" signature="endReport()[pri:0, instance:com.miles.tellworks.testcases.AdminTest@13e344d]" started-at="2022-06-03T22:45:41 IST" name="endReport" finished-at="2022-06-03T22:45:41 IST" duration-ms="247" status="PASS">
          <reporter-output>
          </reporter-output>
        </test-method> <!-- endReport -->
      </class> <!-- com.miles.tellworks.testcases.AdminTest -->
      <class name="com.miles.tellworks.testcases.InventoryTest">
        <test-method is-config="true" signature="setExtent()[pri:0, instance:com.miles.tellworks.testcases.InventoryTest@1a6d8329]" started-at="2022-06-03T22:22:22 IST" name="setExtent" finished-at="2022-06-03T22:22:22 IST" duration-ms="3" status="PASS">
          <reporter-output>
          </reporter-output>
        </test-method> <!-- setExtent -->
        <test-method is-config="true" signature="launchBrowser()[pri:0, instance:com.miles.tellworks.testcases.InventoryTest@1a6d8329]" started-at="2022-06-03T22:24:34 IST" name="launchBrowser" finished-at="2022-06-03T22:24:41 IST" duration-ms="7180" status="PASS">
          <reporter-output>
          </reporter-output>
        </test-method> <!-- launchBrowser -->
        <test-method signature="cycleManagementTest()[pri:0, instance:com.miles.tellworks.testcases.InventoryTest@1a6d8329]" started-at="2022-06-03T22:24:41 IST" name="cycleManagementTest" finished-at="2022-06-03T22:24:54 IST" duration-ms="12419" status="PASS">
          <reporter-output>
          </reporter-output>
        </test-method> <!-- cycleManagementTest -->
        <test-method is-config="true" signature="tearDown(org.testng.ITestResult)[pri:0, instance:com.miles.tellworks.testcases.InventoryTest@1a6d8329]" started-at="2022-06-03T22:24:54 IST" name="tearDown" finished-at="2022-06-03T22:24:54 IST" duration-ms="0" status="PASS">
          <params>
            <param index="0">
              <value>
                <![CDATA[[TestResult name=cycleManagementTest status=SUCCESS method=InventoryTest.cycleManagementTest()[pri:0, instance:com.miles.tellworks.testcases.InventoryTest@1a6d8329] output={null}]]]>
              </value>
            </param>
          </params>
          <reporter-output>
          </reporter-output>
        </test-method> <!-- tearDown -->
        <test-method signature="minmaxTest()[pri:0, instance:com.miles.tellworks.testcases.InventoryTest@1a6d8329]" started-at="2022-06-03T22:24:54 IST" name="minmaxTest" finished-at="2022-06-03T22:25:00 IST" duration-ms="6060" status="PASS">
          <reporter-output>
          </reporter-output>
        </test-method> <!-- minmaxTest -->
        <test-method is-config="true" signature="tearDown(org.testng.ITestResult)[pri:0, instance:com.miles.tellworks.testcases.InventoryTest@1a6d8329]" started-at="2022-06-03T22:25:00 IST" name="tearDown" finished-at="2022-06-03T22:25:00 IST" duration-ms="0" status="PASS">
          <params>
            <param index="0">
              <value>
                <![CDATA[[TestResult name=minmaxTest status=SUCCESS method=InventoryTest.minmaxTest()[pri:0, instance:com.miles.tellworks.testcases.InventoryTest@1a6d8329] output={null}]]]>
              </value>
            </param>
          </params>
          <reporter-output>
          </reporter-output>
        </test-method> <!-- tearDown -->
        <test-method signature="onHandSummaryTest()[pri:0, instance:com.miles.tellworks.testcases.InventoryTest@1a6d8329]" started-at="2022-06-03T22:25:00 IST" name="onHandSummaryTest" finished-at="2022-06-03T22:26:13 IST" duration-ms="73824" status="PASS">
          <reporter-output>
          </reporter-output>
        </test-method> <!-- onHandSummaryTest -->
        <test-method is-config="true" signature="tearDown(org.testng.ITestResult)[pri:0, instance:com.miles.tellworks.testcases.InventoryTest@1a6d8329]" started-at="2022-06-03T22:26:13 IST" name="tearDown" finished-at="2022-06-03T22:26:13 IST" duration-ms="0" status="PASS">
          <params>
            <param index="0">
              <value>
                <![CDATA[[TestResult name=onHandSummaryTest status=SUCCESS method=InventoryTest.onHandSummaryTest()[pri:0, instance:com.miles.tellworks.testcases.InventoryTest@1a6d8329] output={null}]]]>
              </value>
            </param>
          </params>
          <reporter-output>
          </reporter-output>
        </test-method> <!-- tearDown -->
        <test-method signature="partMasterTest()[pri:0, instance:com.miles.tellworks.testcases.InventoryTest@1a6d8329]" started-at="2022-06-03T22:26:13 IST" name="partMasterTest" finished-at="2022-06-03T22:26:30 IST" duration-ms="17029" status="PASS">
          <reporter-output>
          </reporter-output>
        </test-method> <!-- partMasterTest -->
        <test-method is-config="true" signature="tearDown(org.testng.ITestResult)[pri:0, instance:com.miles.tellworks.testcases.InventoryTest@1a6d8329]" started-at="2022-06-03T22:26:30 IST" name="tearDown" finished-at="2022-06-03T22:26:30 IST" duration-ms="2" status="PASS">
          <params>
            <param index="0">
              <value>
                <![CDATA[[TestResult name=partMasterTest status=SUCCESS method=InventoryTest.partMasterTest()[pri:0, instance:com.miles.tellworks.testcases.InventoryTest@1a6d8329] output={null}]]]>
              </value>
            </param>
          </params>
          <reporter-output>
          </reporter-output>
        </test-method> <!-- tearDown -->
        <test-method signature="receivedTest()[pri:0, instance:com.miles.tellworks.testcases.InventoryTest@1a6d8329]" started-at="2022-06-03T22:26:30 IST" name="receivedTest" finished-at="2022-06-03T22:27:33 IST" duration-ms="62112" status="PASS">
          <reporter-output>
          </reporter-output>
        </test-method> <!-- receivedTest -->
        <test-method is-config="true" signature="tearDown(org.testng.ITestResult)[pri:0, instance:com.miles.tellworks.testcases.InventoryTest@1a6d8329]" started-at="2022-06-03T22:27:33 IST" name="tearDown" finished-at="2022-06-03T22:27:33 IST" duration-ms="0" status="PASS">
          <params>
            <param index="0">
              <value>
                <![CDATA[[TestResult name=receivedTest status=SUCCESS method=InventoryTest.receivedTest()[pri:0, instance:com.miles.tellworks.testcases.InventoryTest@1a6d8329] output={null}]]]>
              </value>
            </param>
          </params>
          <reporter-output>
          </reporter-output>
        </test-method> <!-- tearDown -->
        <test-method signature="shippedTest()[pri:0, instance:com.miles.tellworks.testcases.InventoryTest@1a6d8329]" started-at="2022-06-03T22:27:33 IST" name="shippedTest" finished-at="2022-06-03T22:28:48 IST" duration-ms="74957" status="FAIL">
          <exception class="org.openqa.selenium.TimeoutException">
            <message>
              <![CDATA[timeout: Timed out receiving message from renderer: 60.000
  (Session info: chrome=102.0.5005.63)
Build info: version: '4.1.3', revision: '7b1ebf28ef'
System info: host: 'BSS-SBOJEDLA', ip: '192.168.1.25', os.name: 'Windows 10', os.arch: 'amd64', os.version: '10.0', java.version: '17.0.2'
Driver info: org.openqa.selenium.chrome.ChromeDriver
Command: [f5b2f43bd6e2c8835bbb85d3c129c905, clickElement {id=e90bea90-26f8-4124-b915-d9fe81ee8111}]
Capabilities {acceptInsecureCerts: false, browserName: chrome, browserVersion: 102.0.5005.63, chrome: {chromedriverVersion: 102.0.5005.61 (0e59bcc00cc4..., userDataDir: C:\Users\sbojedla\AppData\L...}, goog:chromeOptions: {debuggerAddress: localhost:54164}, javascriptEnabled: true, networkConnectionEnabled: false, pageLoadStrategy: normal, platform: WINDOWS, platformName: WINDOWS, proxy: Proxy(), se:cdp: ws://localhost:54164/devtoo..., se:cdpVersion: 102.0.5005.63, setWindowRect: true, strictFileInteractability: false, timeouts: {implicit: 0, pageLoad: 300000, script: 30000}, unhandledPromptBehavior: dismiss and notify, webauthn:extension:credBlob: true, webauthn:extension:largeBlob: true, webauthn:virtualAuthenticators: true}
Element: [[ChromeDriver: chrome on WINDOWS (f5b2f43bd6e2c8835bbb85d3c129c905)] -> xpath: //input[@id = 'MainContent_UserFilter_lbExport']]
Session ID: f5b2f43bd6e2c8835bbb85d3c129c905]]>
            </message>
            <full-stacktrace>
              <![CDATA[org.openqa.selenium.TimeoutException: timeout: Timed out receiving message from renderer: 60.000
  (Session info: chrome=102.0.5005.63)
Build info: version: '4.1.3', revision: '7b1ebf28ef'
System info: host: 'BSS-SBOJEDLA', ip: '192.168.1.25', os.name: 'Windows 10', os.arch: 'amd64', os.version: '10.0', java.version: '17.0.2'
Driver info: org.openqa.selenium.chrome.ChromeDriver
Command: [f5b2f43bd6e2c8835bbb85d3c129c905, clickElement {id=e90bea90-26f8-4124-b915-d9fe81ee8111}]
Capabilities {acceptInsecureCerts: false, browserName: chrome, browserVersion: 102.0.5005.63, chrome: {chromedriverVersion: 102.0.5005.61 (0e59bcc00cc4..., userDataDir: C:\Users\sbojedla\AppData\L...}, goog:chromeOptions: {debuggerAddress: localhost:54164}, javascriptEnabled: true, networkConnectionEnabled: false, pageLoadStrategy: normal, platform: WINDOWS, platformName: WINDOWS, proxy: Proxy(), se:cdp: ws://localhost:54164/devtoo..., se:cdpVersion: 102.0.5005.63, setWindowRect: true, strictFileInteractability: false, timeouts: {implicit: 0, pageLoad: 300000, script: 30000}, unhandledPromptBehavior: dismiss and notify, webauthn:extension:credBlob: true, webauthn:extension:largeBlob: true, webauthn:virtualAuthenticators: true}
Element: [[ChromeDriver: chrome on WINDOWS (f5b2f43bd6e2c8835bbb85d3c129c905)] -> xpath: //input[@id = 'MainContent_UserFilter_lbExport']]
Session ID: f5b2f43bd6e2c8835bbb85d3c129c905
at java.base/jdk.internal.reflect.NativeConstructorAccessorImpl.newInstance0(Native Method)
at java.base/jdk.internal.reflect.NativeConstructorAccessorImpl.newInstance(NativeConstructorAccessorImpl.java:77)
at java.base/jdk.internal.reflect.DelegatingConstructorAccessorImpl.newInstance(DelegatingConstructorAccessorImpl.java:45)
at java.base/java.lang.reflect.Constructor.newInstanceWithCaller(Constructor.java:499)
at java.base/java.lang.reflect.Constructor.newInstance(Constructor.java:480)
at org.openqa.selenium.remote.codec.w3c.W3CHttpResponseCodec.createException(W3CHttpResponseCodec.java:200)
at org.openqa.selenium.remote.codec.w3c.W3CHttpResponseCodec.decode(W3CHttpResponseCodec.java:133)
at org.openqa.selenium.remote.codec.w3c.W3CHttpResponseCodec.decode(W3CHttpResponseCodec.java:53)
at org.openqa.selenium.remote.HttpCommandExecutor.execute(HttpCommandExecutor.java:184)
at org.openqa.selenium.remote.service.DriverCommandExecutor.invokeExecute(DriverCommandExecutor.java:167)
at org.openqa.selenium.remote.service.DriverCommandExecutor.execute(DriverCommandExecutor.java:142)
at org.openqa.selenium.remote.RemoteWebDriver.execute(RemoteWebDriver.java:567)
at org.openqa.selenium.remote.RemoteWebElement.execute(RemoteWebElement.java:251)
at org.openqa.selenium.remote.RemoteWebElement.click(RemoteWebElement.java:77)
at jdk.internal.reflect.GeneratedMethodAccessor1.invoke(Unknown Source)
at java.base/jdk.internal.reflect.DelegatingMethodAccessorImpl.invoke(DelegatingMethodAccessorImpl.java:43)
at java.base/java.lang.reflect.Method.invoke(Method.java:568)
at org.openqa.selenium.support.pagefactory.internal.LocatingElementHandler.invoke(LocatingElementHandler.java:52)
at jdk.proxy2/jdk.proxy2.$Proxy20.click(Unknown Source)
at com.miles.tellworks.pagepanel.Inventory.shippedInventory(Inventory.java:150)
at com.miles.tellworks.testcases.InventoryTest.shippedTest(InventoryTest.java:52)
at java.base/jdk.internal.reflect.NativeMethodAccessorImpl.invoke0(Native Method)
at java.base/jdk.internal.reflect.NativeMethodAccessorImpl.invoke(NativeMethodAccessorImpl.java:77)
at java.base/jdk.internal.reflect.DelegatingMethodAccessorImpl.invoke(DelegatingMethodAccessorImpl.java:43)
at java.base/java.lang.reflect.Method.invoke(Method.java:568)
at org.testng.internal.MethodInvocationHelper.invokeMethod(MethodInvocationHelper.java:133)
at org.testng.internal.TestInvoker.invokeMethod(TestInvoker.java:598)
at org.testng.internal.TestInvoker.invokeTestMethod(TestInvoker.java:173)
at org.testng.internal.MethodRunner.runInSequence(MethodRunner.java:46)
at org.testng.internal.TestInvoker$MethodInvocationAgent.invoke(TestInvoker.java:824)
at org.testng.internal.TestInvoker.invokeTestMethods(TestInvoker.java:146)
at org.testng.internal.TestMethodWorker.invokeTestMethods(TestMethodWorker.java:146)
at org.testng.internal.TestMethodWorker.run(TestMethodWorker.java:128)
at java.base/java.util.ArrayList.forEach(ArrayList.java:1511)
at org.testng.TestRunner.privateRun(TestRunner.java:794)
at org.testng.TestRunner.run(TestRunner.java:596)
at org.testng.SuiteRunner.runTest(SuiteRunner.java:377)
at org.testng.SuiteRunner.runSequentially(SuiteRunner.java:371)
at org.testng.SuiteRunner.privateRun(SuiteRunner.java:332)
at org.testng.SuiteRunner.run(SuiteRunner.java:276)
at org.testng.SuiteRunnerWorker.runSuite(SuiteRunnerWorker.java:53)
at org.testng.SuiteRunnerWorker.run(SuiteRunnerWorker.java:96)
at org.testng.TestNG.runSuitesSequentially(TestNG.java:1212)
at org.testng.TestNG.runSuitesLocally(TestNG.java:1134)
at org.testng.TestNG.runSuites(TestNG.java:1063)
at org.testng.TestNG.run(TestNG.java:1031)
at org.testng.remote.AbstractRemoteTestNG.run(AbstractRemoteTestNG.java:115)
at org.testng.remote.RemoteTestNG.initAndRun(RemoteTestNG.java:251)
at org.testng.remote.RemoteTestNG.main(RemoteTestNG.java:77)
]]>
            </full-stacktrace>
          </exception> <!-- org.openqa.selenium.TimeoutException -->
          <reporter-output>
          </reporter-output>
        </test-method> <!-- shippedTest -->
        <test-method is-config="true" signature="tearDown(org.testng.ITestResult)[pri:0, instance:com.miles.tellworks.testcases.InventoryTest@1a6d8329]" started-at="2022-06-03T22:28:48 IST" name="tearDown" finished-at="2022-06-03T22:28:48 IST" duration-ms="480" status="PASS">
          <params>
            <param index="0">
              <value>
                <![CDATA[[TestResult name=shippedTest status=FAILURE method=InventoryTest.shippedTest()[pri:0, instance:com.miles.tellworks.testcases.InventoryTest@1a6d8329] output={null}]]]>
              </value>
            </param>
          </params>
          <reporter-output>
          </reporter-output>
        </test-method> <!-- tearDown -->
        <test-method signature="stagedInventoryDetailsTest()[pri:0, instance:com.miles.tellworks.testcases.InventoryTest@1a6d8329]" started-at="2022-06-03T22:28:48 IST" name="stagedInventoryDetailsTest" finished-at="2022-06-03T22:29:21 IST" duration-ms="33003" status="PASS">
          <reporter-output>
          </reporter-output>
        </test-method> <!-- stagedInventoryDetailsTest -->
        <test-method is-config="true" signature="tearDown(org.testng.ITestResult)[pri:0, instance:com.miles.tellworks.testcases.InventoryTest@1a6d8329]" started-at="2022-06-03T22:29:21 IST" name="tearDown" finished-at="2022-06-03T22:29:21 IST" duration-ms="0" status="PASS">
          <params>
            <param index="0">
              <value>
                <![CDATA[[TestResult name=stagedInventoryDetailsTest status=SUCCESS method=InventoryTest.stagedInventoryDetailsTest()[pri:0, instance:com.miles.tellworks.testcases.InventoryTest@1a6d8329] output={null}]]]>
              </value>
            </param>
          </params>
          <reporter-output>
          </reporter-output>
        </test-method> <!-- tearDown -->
        <test-method signature="stagedTest()[pri:0, instance:com.miles.tellworks.testcases.InventoryTest@1a6d8329]" started-at="2022-06-03T22:29:21 IST" name="stagedTest" finished-at="2022-06-03T22:29:44 IST" duration-ms="23063" status="PASS">
          <reporter-output>
          </reporter-output>
        </test-method> <!-- stagedTest -->
        <test-method is-config="true" signature="tearDown(org.testng.ITestResult)[pri:0, instance:com.miles.tellworks.testcases.InventoryTest@1a6d8329]" started-at="2022-06-03T22:29:44 IST" name="tearDown" finished-at="2022-06-03T22:29:44 IST" duration-ms="0" status="PASS">
          <params>
            <param index="0">
              <value>
                <![CDATA[[TestResult name=stagedTest status=SUCCESS method=InventoryTest.stagedTest()[pri:0, instance:com.miles.tellworks.testcases.InventoryTest@1a6d8329] output={null}]]]>
              </value>
            </param>
          </params>
          <reporter-output>
          </reporter-output>
        </test-method> <!-- tearDown -->
        <test-method is-config="true" signature="CloseBrowser()[pri:0, instance:com.miles.tellworks.testcases.InventoryTest@1a6d8329]" started-at="2022-06-03T22:29:44 IST" name="CloseBrowser" finished-at="2022-06-03T22:29:45 IST" duration-ms="523" status="PASS">
          <reporter-output>
          </reporter-output>
        </test-method> <!-- CloseBrowser -->
        <test-method is-config="true" signature="endReport()[pri:0, instance:com.miles.tellworks.testcases.InventoryTest@1a6d8329]" started-at="2022-06-03T22:45:41 IST" name="endReport" finished-at="2022-06-03T22:45:41 IST" duration-ms="54" status="PASS">
          <reporter-output>
          </reporter-output>
        </test-method> <!-- endReport -->
      </class> <!-- com.miles.tellworks.testcases.InventoryTest -->
      <class name="com.miles.tellworks.testcases.SupportTest">
        <test-method is-config="true" signature="setExtent()[pri:0, instance:com.miles.tellworks.testcases.SupportTest@4145bad8]" started-at="2022-06-03T22:22:22 IST" name="setExtent" finished-at="2022-06-03T22:22:22 IST" duration-ms="3" status="PASS">
          <reporter-output>
          </reporter-output>
        </test-method> <!-- setExtent -->
        <test-method is-config="true" signature="launchBrowser()[pri:0, instance:com.miles.tellworks.testcases.SupportTest@4145bad8]" started-at="2022-06-03T22:38:42 IST" name="launchBrowser" finished-at="2022-06-03T22:38:48 IST" duration-ms="6912" status="PASS">
          <reporter-output>
          </reporter-output>
        </test-method> <!-- launchBrowser -->
        <test-method signature="SupportErrorsandAlertsTest()[pri:0, instance:com.miles.tellworks.testcases.SupportTest@4145bad8]" started-at="2022-06-03T22:38:48 IST" name="SupportErrorsandAlertsTest" finished-at="2022-06-03T22:38:57 IST" duration-ms="8146" status="PASS">
          <reporter-output>
          </reporter-output>
        </test-method> <!-- SupportErrorsandAlertsTest -->
        <test-method is-config="true" signature="tearDown(org.testng.ITestResult)[pri:0, instance:com.miles.tellworks.testcases.SupportTest@4145bad8]" started-at="2022-06-03T22:38:57 IST" name="tearDown" finished-at="2022-06-03T22:38:57 IST" duration-ms="0" status="PASS">
          <params>
            <param index="0">
              <value>
                <![CDATA[[TestResult name=SupportErrorsandAlertsTest status=SUCCESS method=SupportTest.SupportErrorsandAlertsTest()[pri:0, instance:com.miles.tellworks.testcases.SupportTest@4145bad8] output={null}]]]>
              </value>
            </param>
          </params>
          <reporter-output>
          </reporter-output>
        </test-method> <!-- tearDown -->
        <test-method signature="SupportMinMaxTest()[pri:0, instance:com.miles.tellworks.testcases.SupportTest@4145bad8]" started-at="2022-06-03T22:38:57 IST" name="SupportMinMaxTest" finished-at="2022-06-03T22:39:40 IST" duration-ms="42921" status="PASS">
          <reporter-output>
          </reporter-output>
        </test-method> <!-- SupportMinMaxTest -->
        <test-method is-config="true" signature="tearDown(org.testng.ITestResult)[pri:0, instance:com.miles.tellworks.testcases.SupportTest@4145bad8]" started-at="2022-06-03T22:39:40 IST" name="tearDown" finished-at="2022-06-03T22:39:40 IST" duration-ms="0" status="PASS">
          <params>
            <param index="0">
              <value>
                <![CDATA[[TestResult name=SupportMinMaxTest status=SUCCESS method=SupportTest.SupportMinMaxTest()[pri:0, instance:com.miles.tellworks.testcases.SupportTest@4145bad8] output={null}]]]>
              </value>
            </param>
          </params>
          <reporter-output>
          </reporter-output>
        </test-method> <!-- tearDown -->
        <test-method signature="SupportCompromisedInventoryReconciliationTest()[pri:1, instance:com.miles.tellworks.testcases.SupportTest@4145bad8]" started-at="2022-06-03T22:39:40 IST" name="SupportCompromisedInventoryReconciliationTest" finished-at="2022-06-03T22:39:49 IST" duration-ms="9310" status="PASS">
          <reporter-output>
          </reporter-output>
        </test-method> <!-- SupportCompromisedInventoryReconciliationTest -->
        <test-method is-config="true" signature="tearDown(org.testng.ITestResult)[pri:0, instance:com.miles.tellworks.testcases.SupportTest@4145bad8]" started-at="2022-06-03T22:39:49 IST" name="tearDown" finished-at="2022-06-03T22:39:49 IST" duration-ms="1" status="PASS">
          <params>
            <param index="0">
              <value>
                <![CDATA[[TestResult name=SupportCompromisedInventoryReconciliationTest status=SUCCESS method=SupportTest.SupportCompromisedInventoryReconciliationTest()[pri:1, instance:com.miles.tellworks.testcases.SupportTest@4145bad8] output={null}]]]>
              </value>
            </param>
          </params>
          <reporter-output>
          </reporter-output>
        </test-method> <!-- tearDown -->
        <test-method signature="SupportPickDefectiveInventoryTest()[pri:2, instance:com.miles.tellworks.testcases.SupportTest@4145bad8]" started-at="2022-06-03T22:39:49 IST" name="SupportPickDefectiveInventoryTest" finished-at="2022-06-03T22:39:58 IST" duration-ms="8773" status="PASS">
          <reporter-output>
          </reporter-output>
        </test-method> <!-- SupportPickDefectiveInventoryTest -->
        <test-method is-config="true" signature="tearDown(org.testng.ITestResult)[pri:0, instance:com.miles.tellworks.testcases.SupportTest@4145bad8]" started-at="2022-06-03T22:39:58 IST" name="tearDown" finished-at="2022-06-03T22:39:58 IST" duration-ms="0" status="PASS">
          <params>
            <param index="0">
              <value>
                <![CDATA[[TestResult name=SupportPickDefectiveInventoryTest status=SUCCESS method=SupportTest.SupportPickDefectiveInventoryTest()[pri:2, instance:com.miles.tellworks.testcases.SupportTest@4145bad8] output={null}]]]>
              </value>
            </param>
          </params>
          <reporter-output>
          </reporter-output>
        </test-method> <!-- tearDown -->
        <test-method signature="SupportChartTransfertoRepairTest()[pri:3, instance:com.miles.tellworks.testcases.SupportTest@4145bad8]" started-at="2022-06-03T22:39:58 IST" name="SupportChartTransfertoRepairTest" finished-at="2022-06-03T22:41:28 IST" duration-ms="90502" status="PASS">
          <reporter-output>
          </reporter-output>
        </test-method> <!-- SupportChartTransfertoRepairTest -->
        <test-method is-config="true" signature="tearDown(org.testng.ITestResult)[pri:0, instance:com.miles.tellworks.testcases.SupportTest@4145bad8]" started-at="2022-06-03T22:41:28 IST" name="tearDown" finished-at="2022-06-03T22:41:28 IST" duration-ms="0" status="PASS">
          <params>
            <param index="0">
              <value>
                <![CDATA[[TestResult name=SupportChartTransfertoRepairTest status=SUCCESS method=SupportTest.SupportChartTransfertoRepairTest()[pri:3, instance:com.miles.tellworks.testcases.SupportTest@4145bad8] output={null}]]]>
              </value>
            </param>
          </params>
          <reporter-output>
          </reporter-output>
        </test-method> <!-- tearDown -->
        <test-method signature="SupportReceivingManagementTest()[pri:4, instance:com.miles.tellworks.testcases.SupportTest@4145bad8]" started-at="2022-06-03T22:41:28 IST" name="SupportReceivingManagementTest" finished-at="2022-06-03T22:41:43 IST" duration-ms="14697" status="PASS">
          <reporter-output>
          </reporter-output>
        </test-method> <!-- SupportReceivingManagementTest -->
        <test-method is-config="true" signature="tearDown(org.testng.ITestResult)[pri:0, instance:com.miles.tellworks.testcases.SupportTest@4145bad8]" started-at="2022-06-03T22:41:43 IST" name="tearDown" finished-at="2022-06-03T22:41:43 IST" duration-ms="0" status="PASS">
          <params>
            <param index="0">
              <value>
                <![CDATA[[TestResult name=SupportReceivingManagementTest status=SUCCESS method=SupportTest.SupportReceivingManagementTest()[pri:4, instance:com.miles.tellworks.testcases.SupportTest@4145bad8] output={null}]]]>
              </value>
            </param>
          </params>
          <reporter-output>
          </reporter-output>
        </test-method> <!-- tearDown -->
        <test-method signature="SupportASNManagementTest()[pri:5, instance:com.miles.tellworks.testcases.SupportTest@4145bad8]" started-at="2022-06-03T22:41:43 IST" name="SupportASNManagementTest" finished-at="2022-06-03T22:41:51 IST" duration-ms="8652" status="PASS">
          <reporter-output>
          </reporter-output>
        </test-method> <!-- SupportASNManagementTest -->
        <test-method is-config="true" signature="tearDown(org.testng.ITestResult)[pri:0, instance:com.miles.tellworks.testcases.SupportTest@4145bad8]" started-at="2022-06-03T22:41:51 IST" name="tearDown" finished-at="2022-06-03T22:41:51 IST" duration-ms="0" status="PASS">
          <params>
            <param index="0">
              <value>
                <![CDATA[[TestResult name=SupportASNManagementTest status=SUCCESS method=SupportTest.SupportASNManagementTest()[pri:5, instance:com.miles.tellworks.testcases.SupportTest@4145bad8] output={null}]]]>
              </value>
            </param>
          </params>
          <reporter-output>
          </reporter-output>
        </test-method> <!-- tearDown -->
        <test-method signature="SupportPOSAReversalsTest()[pri:6, instance:com.miles.tellworks.testcases.SupportTest@4145bad8]" started-at="2022-06-03T22:41:51 IST" name="SupportPOSAReversalsTest" finished-at="2022-06-03T22:42:01 IST" duration-ms="9305" status="PASS">
          <reporter-output>
          </reporter-output>
        </test-method> <!-- SupportPOSAReversalsTest -->
        <test-method signature="SupportCompleteReversalGridTest()[pri:7, instance:com.miles.tellworks.testcases.SupportTest@4145bad8]" started-at="2022-06-03T22:42:01 IST" name="SupportCompleteReversalGridTest" finished-at="2022-06-03T22:42:09 IST" duration-ms="7818" status="PASS">
          <reporter-output>
          </reporter-output>
        </test-method> <!-- SupportCompleteReversalGridTest -->
        <test-method is-config="true" signature="tearDown(org.testng.ITestResult)[pri:0, instance:com.miles.tellworks.testcases.SupportTest@4145bad8]" started-at="2022-06-03T22:42:01 IST" name="tearDown" finished-at="2022-06-03T22:42:01 IST" duration-ms="0" status="PASS">
          <params>
            <param index="0">
              <value>
                <![CDATA[[TestResult name=SupportPOSAReversalsTest status=SUCCESS method=SupportTest.SupportPOSAReversalsTest()[pri:6, instance:com.miles.tellworks.testcases.SupportTest@4145bad8] output={null}]]]>
              </value>
            </param>
          </params>
          <reporter-output>
          </reporter-output>
        </test-method> <!-- tearDown -->
        <test-method is-config="true" signature="tearDown(org.testng.ITestResult)[pri:0, instance:com.miles.tellworks.testcases.SupportTest@4145bad8]" started-at="2022-06-03T22:42:09 IST" name="tearDown" finished-at="2022-06-03T22:42:09 IST" duration-ms="0" status="PASS">
          <params>
            <param index="0">
              <value>
                <![CDATA[[TestResult name=SupportCompleteReversalGridTest status=SUCCESS method=SupportTest.SupportCompleteReversalGridTest()[pri:7, instance:com.miles.tellworks.testcases.SupportTest@4145bad8] output={null}]]]>
              </value>
            </param>
          </params>
          <reporter-output>
          </reporter-output>
        </test-method> <!-- tearDown -->
        <test-method signature="SupportConfirmedKitListTest()[pri:8, instance:com.miles.tellworks.testcases.SupportTest@4145bad8]" started-at="2022-06-03T22:42:09 IST" name="SupportConfirmedKitListTest" finished-at="2022-06-03T22:42:17 IST" duration-ms="8082" status="PASS">
          <reporter-output>
          </reporter-output>
        </test-method> <!-- SupportConfirmedKitListTest -->
        <test-method is-config="true" signature="tearDown(org.testng.ITestResult)[pri:0, instance:com.miles.tellworks.testcases.SupportTest@4145bad8]" started-at="2022-06-03T22:42:17 IST" name="tearDown" finished-at="2022-06-03T22:42:17 IST" duration-ms="0" status="PASS">
          <params>
            <param index="0">
              <value>
                <![CDATA[[TestResult name=SupportConfirmedKitListTest status=SUCCESS method=SupportTest.SupportConfirmedKitListTest()[pri:8, instance:com.miles.tellworks.testcases.SupportTest@4145bad8] output={null}]]]>
              </value>
            </param>
          </params>
          <reporter-output>
          </reporter-output>
        </test-method> <!-- tearDown -->
        <test-method signature="SupportLoadBuilderMaintenanceTest()[pri:9, instance:com.miles.tellworks.testcases.SupportTest@4145bad8]" started-at="2022-06-03T22:42:17 IST" name="SupportLoadBuilderMaintenanceTest" finished-at="2022-06-03T22:43:27 IST" duration-ms="70664" status="PASS">
          <reporter-output>
          </reporter-output>
        </test-method> <!-- SupportLoadBuilderMaintenanceTest -->
        <test-method is-config="true" signature="tearDown(org.testng.ITestResult)[pri:0, instance:com.miles.tellworks.testcases.SupportTest@4145bad8]" started-at="2022-06-03T22:43:27 IST" name="tearDown" finished-at="2022-06-03T22:43:27 IST" duration-ms="0" status="PASS">
          <params>
            <param index="0">
              <value>
                <![CDATA[[TestResult name=SupportLoadBuilderMaintenanceTest status=SUCCESS method=SupportTest.SupportLoadBuilderMaintenanceTest()[pri:9, instance:com.miles.tellworks.testcases.SupportTest@4145bad8] output={null}]]]>
              </value>
            </param>
          </params>
          <reporter-output>
          </reporter-output>
        </test-method> <!-- tearDown -->
        <test-method signature="SupportPODataSyncTest()[pri:10, instance:com.miles.tellworks.testcases.SupportTest@4145bad8]" started-at="2022-06-03T22:43:27 IST" name="SupportPODataSyncTest" finished-at="2022-06-03T22:43:33 IST" duration-ms="5289" status="PASS">
          <reporter-output>
          </reporter-output>
        </test-method> <!-- SupportPODataSyncTest -->
        <test-method is-config="true" signature="tearDown(org.testng.ITestResult)[pri:0, instance:com.miles.tellworks.testcases.SupportTest@4145bad8]" started-at="2022-06-03T22:43:33 IST" name="tearDown" finished-at="2022-06-03T22:43:33 IST" duration-ms="0" status="PASS">
          <params>
            <param index="0">
              <value>
                <![CDATA[[TestResult name=SupportPODataSyncTest status=SUCCESS method=SupportTest.SupportPODataSyncTest()[pri:10, instance:com.miles.tellworks.testcases.SupportTest@4145bad8] output={null}]]]>
              </value>
            </param>
          </params>
          <reporter-output>
          </reporter-output>
        </test-method> <!-- tearDown -->
        <test-method signature="SupportOutboundMonitorTest()[pri:11, instance:com.miles.tellworks.testcases.SupportTest@4145bad8]" started-at="2022-06-03T22:43:33 IST" name="SupportOutboundMonitorTest" finished-at="2022-06-03T22:43:43 IST" duration-ms="10285" status="PASS">
          <reporter-output>
          </reporter-output>
        </test-method> <!-- SupportOutboundMonitorTest -->
        <test-method is-config="true" signature="tearDown(org.testng.ITestResult)[pri:0, instance:com.miles.tellworks.testcases.SupportTest@4145bad8]" started-at="2022-06-03T22:43:43 IST" name="tearDown" finished-at="2022-06-03T22:43:43 IST" duration-ms="0" status="PASS">
          <params>
            <param index="0">
              <value>
                <![CDATA[[TestResult name=SupportOutboundMonitorTest status=SUCCESS method=SupportTest.SupportOutboundMonitorTest()[pri:11, instance:com.miles.tellworks.testcases.SupportTest@4145bad8] output={null}]]]>
              </value>
            </param>
          </params>
          <reporter-output>
          </reporter-output>
        </test-method> <!-- tearDown -->
        <test-method signature="SupportInventoryValidationTest()[pri:13, instance:com.miles.tellworks.testcases.SupportTest@4145bad8]" started-at="2022-06-03T22:43:43 IST" name="SupportInventoryValidationTest" finished-at="2022-06-03T22:44:46 IST" duration-ms="63094" status="FAIL">
          <exception class="org.openqa.selenium.NoSuchElementException">
            <message>
              <![CDATA[no such element: Unable to locate element: {"method":"link text","selector":"Inventory Validation vs. In & Out"}
  (Session info: chrome=102.0.5005.63)
For documentation on this error, please visit: https://selenium.dev/exceptions/#no_such_element
Build info: version: '4.1.3', revision: '7b1ebf28ef'
System info: host: 'BSS-SBOJEDLA', ip: '192.168.1.25', os.name: 'Windows 10', os.arch: 'amd64', os.version: '10.0', java.version: '17.0.2'
Driver info: org.openqa.selenium.chrome.ChromeDriver
Command: [9dab898e6fa825f9691605cd7975b8e3, findElement {using=link text, value=Inventory Validation vs. In & Out}]
Capabilities {acceptInsecureCerts: false, browserName: chrome, browserVersion: 102.0.5005.63, chrome: {chromedriverVersion: 102.0.5005.61 (0e59bcc00cc4..., userDataDir: C:\Users\sbojedla\AppData\L...}, goog:chromeOptions: {debuggerAddress: localhost:56098}, javascriptEnabled: true, networkConnectionEnabled: false, pageLoadStrategy: normal, platform: WINDOWS, platformName: WINDOWS, proxy: Proxy(), se:cdp: ws://localhost:56098/devtoo..., se:cdpVersion: 102.0.5005.63, setWindowRect: true, strictFileInteractability: false, timeouts: {implicit: 0, pageLoad: 300000, script: 30000}, unhandledPromptBehavior: dismiss and notify, webauthn:extension:credBlob: true, webauthn:extension:largeBlob: true, webauthn:virtualAuthenticators: true}
Session ID: 9dab898e6fa825f9691605cd7975b8e3]]>
            </message>
            <full-stacktrace>
              <![CDATA[org.openqa.selenium.NoSuchElementException: no such element: Unable to locate element: {"method":"link text","selector":"Inventory Validation vs. In & Out"}
  (Session info: chrome=102.0.5005.63)
For documentation on this error, please visit: https://selenium.dev/exceptions/#no_such_element
Build info: version: '4.1.3', revision: '7b1ebf28ef'
System info: host: 'BSS-SBOJEDLA', ip: '192.168.1.25', os.name: 'Windows 10', os.arch: 'amd64', os.version: '10.0', java.version: '17.0.2'
Driver info: org.openqa.selenium.chrome.ChromeDriver
Command: [9dab898e6fa825f9691605cd7975b8e3, findElement {using=link text, value=Inventory Validation vs. In & Out}]
Capabilities {acceptInsecureCerts: false, browserName: chrome, browserVersion: 102.0.5005.63, chrome: {chromedriverVersion: 102.0.5005.61 (0e59bcc00cc4..., userDataDir: C:\Users\sbojedla\AppData\L...}, goog:chromeOptions: {debuggerAddress: localhost:56098}, javascriptEnabled: true, networkConnectionEnabled: false, pageLoadStrategy: normal, platform: WINDOWS, platformName: WINDOWS, proxy: Proxy(), se:cdp: ws://localhost:56098/devtoo..., se:cdpVersion: 102.0.5005.63, setWindowRect: true, strictFileInteractability: false, timeouts: {implicit: 0, pageLoad: 300000, script: 30000}, unhandledPromptBehavior: dismiss and notify, webauthn:extension:credBlob: true, webauthn:extension:largeBlob: true, webauthn:virtualAuthenticators: true}
Session ID: 9dab898e6fa825f9691605cd7975b8e3
at java.base/jdk.internal.reflect.NativeConstructorAccessorImpl.newInstance0(Native Method)
at java.base/jdk.internal.reflect.NativeConstructorAccessorImpl.newInstance(NativeConstructorAccessorImpl.java:77)
at java.base/jdk.internal.reflect.DelegatingConstructorAccessorImpl.newInstance(DelegatingConstructorAccessorImpl.java:45)
at java.base/java.lang.reflect.Constructor.newInstanceWithCaller(Constructor.java:499)
at java.base/java.lang.reflect.Constructor.newInstance(Constructor.java:480)
at org.openqa.selenium.remote.codec.w3c.W3CHttpResponseCodec.createException(W3CHttpResponseCodec.java:200)
at org.openqa.selenium.remote.codec.w3c.W3CHttpResponseCodec.decode(W3CHttpResponseCodec.java:133)
at org.openqa.selenium.remote.codec.w3c.W3CHttpResponseCodec.decode(W3CHttpResponseCodec.java:53)
at org.openqa.selenium.remote.HttpCommandExecutor.execute(HttpCommandExecutor.java:184)
at org.openqa.selenium.remote.service.DriverCommandExecutor.invokeExecute(DriverCommandExecutor.java:167)
at org.openqa.selenium.remote.service.DriverCommandExecutor.execute(DriverCommandExecutor.java:142)
at org.openqa.selenium.remote.RemoteWebDriver.execute(RemoteWebDriver.java:567)
at org.openqa.selenium.remote.ElementLocation$ElementFinder$2.findElement(ElementLocation.java:162)
at org.openqa.selenium.remote.ElementLocation.findElement(ElementLocation.java:60)
at org.openqa.selenium.remote.RemoteWebDriver.findElement(RemoteWebDriver.java:385)
at org.openqa.selenium.remote.RemoteWebDriver.findElement(RemoteWebDriver.java:377)
at com.miles.tellworks.pagepanel.Support.SupportInventoryValidation(Support.java:445)
at com.miles.tellworks.testcases.SupportTest.SupportInventoryValidationTest(SupportTest.java:124)
at java.base/jdk.internal.reflect.NativeMethodAccessorImpl.invoke0(Native Method)
at java.base/jdk.internal.reflect.NativeMethodAccessorImpl.invoke(NativeMethodAccessorImpl.java:77)
at java.base/jdk.internal.reflect.DelegatingMethodAccessorImpl.invoke(DelegatingMethodAccessorImpl.java:43)
at java.base/java.lang.reflect.Method.invoke(Method.java:568)
at org.testng.internal.MethodInvocationHelper.invokeMethod(MethodInvocationHelper.java:133)
at org.testng.internal.TestInvoker.invokeMethod(TestInvoker.java:598)
at org.testng.internal.TestInvoker.invokeTestMethod(TestInvoker.java:173)
at org.testng.internal.MethodRunner.runInSequence(MethodRunner.java:46)
at org.testng.internal.TestInvoker$MethodInvocationAgent.invoke(TestInvoker.java:824)
at org.testng.internal.TestInvoker.invokeTestMethods(TestInvoker.java:146)
at org.testng.internal.TestMethodWorker.invokeTestMethods(TestMethodWorker.java:146)
at org.testng.internal.TestMethodWorker.run(TestMethodWorker.java:128)
at java.base/java.util.ArrayList.forEach(ArrayList.java:1511)
at org.testng.TestRunner.privateRun(TestRunner.java:794)
at org.testng.TestRunner.run(TestRunner.java:596)
at org.testng.SuiteRunner.runTest(SuiteRunner.java:377)
at org.testng.SuiteRunner.runSequentially(SuiteRunner.java:371)
at org.testng.SuiteRunner.privateRun(SuiteRunner.java:332)
at org.testng.SuiteRunner.run(SuiteRunner.java:276)
at org.testng.SuiteRunnerWorker.runSuite(SuiteRunnerWorker.java:53)
at org.testng.SuiteRunnerWorker.run(SuiteRunnerWorker.java:96)
at org.testng.TestNG.runSuitesSequentially(TestNG.java:1212)
at org.testng.TestNG.runSuitesLocally(TestNG.java:1134)
at org.testng.TestNG.runSuites(TestNG.java:1063)
at org.testng.TestNG.run(TestNG.java:1031)
at org.testng.remote.AbstractRemoteTestNG.run(AbstractRemoteTestNG.java:115)
at org.testng.remote.RemoteTestNG.initAndRun(RemoteTestNG.java:251)
at org.testng.remote.RemoteTestNG.main(RemoteTestNG.java:77)
]]>
            </full-stacktrace>
          </exception> <!-- org.openqa.selenium.NoSuchElementException -->
          <reporter-output>
          </reporter-output>
        </test-method> <!-- SupportInventoryValidationTest -->
        <test-method is-config="true" signature="tearDown(org.testng.ITestResult)[pri:0, instance:com.miles.tellworks.testcases.SupportTest@4145bad8]" started-at="2022-06-03T22:44:46 IST" name="tearDown" finished-at="2022-06-03T22:44:47 IST" duration-ms="503" status="PASS">
          <params>
            <param index="0">
              <value>
                <![CDATA[[TestResult name=SupportInventoryValidationTest status=FAILURE method=SupportTest.SupportInventoryValidationTest()[pri:13, instance:com.miles.tellworks.testcases.SupportTest@4145bad8] output={null}]]]>
              </value>
            </param>
          </params>
          <reporter-output>
          </reporter-output>
        </test-method> <!-- tearDown -->
        <test-method is-config="true" signature="CloseBrowser()[pri:0, instance:com.miles.tellworks.testcases.SupportTest@4145bad8]" started-at="2022-06-03T22:44:47 IST" name="CloseBrowser" finished-at="2022-06-03T22:44:47 IST" duration-ms="639" status="PASS">
          <reporter-output>
          </reporter-output>
        </test-method> <!-- CloseBrowser -->
        <test-method is-config="true" signature="endReport()[pri:0, instance:com.miles.tellworks.testcases.SupportTest@4145bad8]" started-at="2022-06-03T22:45:42 IST" name="endReport" finished-at="2022-06-03T22:45:42 IST" duration-ms="68" status="PASS">
          <reporter-output>
          </reporter-output>
        </test-method> <!-- endReport -->
      </class> <!-- com.miles.tellworks.testcases.SupportTest -->
      <class name="com.miles.tellworks.testcases.ReturnsTest">
        <test-method is-config="true" signature="setExtent()[pri:0, instance:com.miles.tellworks.testcases.ReturnsTest@71ba6d4e]" started-at="2022-06-03T22:22:22 IST" name="setExtent" finished-at="2022-06-03T22:22:22 IST" duration-ms="3" status="PASS">
          <reporter-output>
          </reporter-output>
        </test-method> <!-- setExtent -->
        <test-method is-config="true" signature="launchBrowser()[pri:0, instance:com.miles.tellworks.testcases.ReturnsTest@71ba6d4e]" started-at="2022-06-03T22:35:52 IST" name="launchBrowser" finished-at="2022-06-03T22:36:02 IST" duration-ms="9718" status="PASS">
          <reporter-output>
          </reporter-output>
        </test-method> <!-- launchBrowser -->
        <test-method signature="RequestOverviewTest()[pri:0, instance:com.miles.tellworks.testcases.ReturnsTest@71ba6d4e]" started-at="2022-06-03T22:36:02 IST" name="RequestOverviewTest" finished-at="2022-06-03T22:36:16 IST" duration-ms="14361" status="PASS">
          <reporter-output>
          </reporter-output>
        </test-method> <!-- RequestOverviewTest -->
        <test-method signature="RequestUserApproverTest()[pri:0, instance:com.miles.tellworks.testcases.ReturnsTest@71ba6d4e]" started-at="2022-06-03T22:36:16 IST" name="RequestUserApproverTest" finished-at="2022-06-03T22:36:34 IST" duration-ms="17102" status="PASS">
          <reporter-output>
          </reporter-output>
        </test-method> <!-- RequestUserApproverTest -->
        <test-method is-config="true" signature="tearDown(org.testng.ITestResult)[pri:0, instance:com.miles.tellworks.testcases.ReturnsTest@71ba6d4e]" started-at="2022-06-03T22:36:16 IST" name="tearDown" finished-at="2022-06-03T22:36:16 IST" duration-ms="0" status="PASS">
          <params>
            <param index="0">
              <value>
                <![CDATA[[TestResult name=RequestOverviewTest status=SUCCESS method=ReturnsTest.RequestOverviewTest()[pri:0, instance:com.miles.tellworks.testcases.ReturnsTest@71ba6d4e] output={null}]]]>
              </value>
            </param>
          </params>
          <reporter-output>
          </reporter-output>
        </test-method> <!-- tearDown -->
        <test-method signature="RequestworkflowMaintenanceTest()[pri:0, instance:com.miles.tellworks.testcases.ReturnsTest@71ba6d4e]" started-at="2022-06-03T22:36:34 IST" name="RequestworkflowMaintenanceTest" finished-at="2022-06-03T22:36:45 IST" duration-ms="11077" status="PASS">
          <reporter-output>
          </reporter-output>
        </test-method> <!-- RequestworkflowMaintenanceTest -->
        <test-method is-config="true" signature="tearDown(org.testng.ITestResult)[pri:0, instance:com.miles.tellworks.testcases.ReturnsTest@71ba6d4e]" started-at="2022-06-03T22:36:34 IST" name="tearDown" finished-at="2022-06-03T22:36:34 IST" duration-ms="0" status="PASS">
          <params>
            <param index="0">
              <value>
                <![CDATA[[TestResult name=RequestUserApproverTest status=SUCCESS method=ReturnsTest.RequestUserApproverTest()[pri:0, instance:com.miles.tellworks.testcases.ReturnsTest@71ba6d4e] output={null}]]]>
              </value>
            </param>
          </params>
          <reporter-output>
          </reporter-output>
        </test-method> <!-- tearDown -->
        <test-method is-config="true" signature="CloseBrowser()[pri:0, instance:com.miles.tellworks.testcases.ReturnsTest@71ba6d4e]" started-at="2022-06-03T22:36:45 IST" name="CloseBrowser" finished-at="2022-06-03T22:36:45 IST" duration-ms="310" status="PASS">
          <reporter-output>
          </reporter-output>
        </test-method> <!-- CloseBrowser -->
        <test-method is-config="true" signature="tearDown(org.testng.ITestResult)[pri:0, instance:com.miles.tellworks.testcases.ReturnsTest@71ba6d4e]" started-at="2022-06-03T22:36:45 IST" name="tearDown" finished-at="2022-06-03T22:36:45 IST" duration-ms="0" status="PASS">
          <params>
            <param index="0">
              <value>
                <![CDATA[[TestResult name=RequestworkflowMaintenanceTest status=SUCCESS method=ReturnsTest.RequestworkflowMaintenanceTest()[pri:0, instance:com.miles.tellworks.testcases.ReturnsTest@71ba6d4e] output={null}]]]>
              </value>
            </param>
          </params>
          <reporter-output>
          </reporter-output>
        </test-method> <!-- tearDown -->
        <test-method is-config="true" signature="endReport()[pri:0, instance:com.miles.tellworks.testcases.ReturnsTest@71ba6d4e]" started-at="2022-06-03T22:45:42 IST" name="endReport" finished-at="2022-06-03T22:45:42 IST" duration-ms="50" status="PASS">
          <reporter-output>
          </reporter-output>
        </test-method> <!-- endReport -->
      </class> <!-- com.miles.tellworks.testcases.ReturnsTest -->
      <class name="com.miles.tellworks.testcases.MaintenanceTest">
        <test-method is-config="true" signature="setExtent()[pri:0, instance:com.miles.tellworks.testcases.MaintenanceTest@3c77d488]" started-at="2022-06-03T22:22:22 IST" name="setExtent" finished-at="2022-06-03T22:22:22 IST" duration-ms="2" status="PASS">
          <reporter-output>
          </reporter-output>
        </test-method> <!-- setExtent -->
        <test-method is-config="true" signature="launchBrowser()[pri:0, instance:com.miles.tellworks.testcases.MaintenanceTest@3c77d488]" started-at="2022-06-03T22:37:21 IST" name="launchBrowser" finished-at="2022-06-03T22:37:31 IST" duration-ms="10467" status="PASS">
          <reporter-output>
          </reporter-output>
        </test-method> <!-- launchBrowser -->
        <test-method signature="PartMaintenanceTest()[pri:0, instance:com.miles.tellworks.testcases.MaintenanceTest@3c77d488]" started-at="2022-06-03T22:37:31 IST" name="PartMaintenanceTest" finished-at="2022-06-03T22:37:58 IST" duration-ms="27121" status="PASS">
          <reporter-output>
          </reporter-output>
        </test-method> <!-- PartMaintenanceTest -->
        <test-method is-config="true" signature="tearDown(org.testng.ITestResult)[pri:0, instance:com.miles.tellworks.testcases.MaintenanceTest@3c77d488]" started-at="2022-06-03T22:37:58 IST" name="tearDown" finished-at="2022-06-03T22:37:58 IST" duration-ms="1" status="PASS">
          <params>
            <param index="0">
              <value>
                <![CDATA[[TestResult name=PartMaintenanceTest status=SUCCESS method=MaintenanceTest.PartMaintenanceTest()[pri:0, instance:com.miles.tellworks.testcases.MaintenanceTest@3c77d488] output={null}]]]>
              </value>
            </param>
          </params>
          <reporter-output>
          </reporter-output>
        </test-method> <!-- tearDown -->
        <test-method signature="SupplierMaintenanceTest()[pri:0, instance:com.miles.tellworks.testcases.MaintenanceTest@3c77d488]" started-at="2022-06-03T22:37:58 IST" name="SupplierMaintenanceTest" finished-at="2022-06-03T22:38:02 IST" duration-ms="3637" status="PASS">
          <reporter-output>
          </reporter-output>
        </test-method> <!-- SupplierMaintenanceTest -->
        <test-method is-config="true" signature="tearDown(org.testng.ITestResult)[pri:0, instance:com.miles.tellworks.testcases.MaintenanceTest@3c77d488]" started-at="2022-06-03T22:38:02 IST" name="tearDown" finished-at="2022-06-03T22:38:02 IST" duration-ms="0" status="PASS">
          <params>
            <param index="0">
              <value>
                <![CDATA[[TestResult name=SupplierMaintenanceTest status=SUCCESS method=MaintenanceTest.SupplierMaintenanceTest()[pri:0, instance:com.miles.tellworks.testcases.MaintenanceTest@3c77d488] output={null}]]]>
              </value>
            </param>
          </params>
          <reporter-output>
          </reporter-output>
        </test-method> <!-- tearDown -->
        <test-method signature="maintenanceLocationTest()[pri:0, instance:com.miles.tellworks.testcases.MaintenanceTest@3c77d488]" started-at="2022-06-03T22:38:02 IST" name="maintenanceLocationTest" finished-at="2022-06-03T22:38:06 IST" duration-ms="3815" status="PASS">
          <reporter-output>
          </reporter-output>
        </test-method> <!-- maintenanceLocationTest -->
        <test-method is-config="true" signature="tearDown(org.testng.ITestResult)[pri:0, instance:com.miles.tellworks.testcases.MaintenanceTest@3c77d488]" started-at="2022-06-03T22:38:06 IST" name="tearDown" finished-at="2022-06-03T22:38:06 IST" duration-ms="0" status="PASS">
          <params>
            <param index="0">
              <value>
                <![CDATA[[TestResult name=maintenanceLocationTest status=SUCCESS method=MaintenanceTest.maintenanceLocationTest()[pri:0, instance:com.miles.tellworks.testcases.MaintenanceTest@3c77d488] output={null}]]]>
              </value>
            </param>
          </params>
          <reporter-output>
          </reporter-output>
        </test-method> <!-- tearDown -->
        <test-method signature="maintenanceWarehouseTest()[pri:0, instance:com.miles.tellworks.testcases.MaintenanceTest@3c77d488]" started-at="2022-06-03T22:38:06 IST" name="maintenanceWarehouseTest" finished-at="2022-06-03T22:38:08 IST" duration-ms="2304" status="PASS">
          <reporter-output>
          </reporter-output>
        </test-method> <!-- maintenanceWarehouseTest -->
        <test-method is-config="true" signature="tearDown(org.testng.ITestResult)[pri:0, instance:com.miles.tellworks.testcases.MaintenanceTest@3c77d488]" started-at="2022-06-03T22:38:08 IST" name="tearDown" finished-at="2022-06-03T22:38:08 IST" duration-ms="1" status="PASS">
          <params>
            <param index="0">
              <value>
                <![CDATA[[TestResult name=maintenanceWarehouseTest status=SUCCESS method=MaintenanceTest.maintenanceWarehouseTest()[pri:0, instance:com.miles.tellworks.testcases.MaintenanceTest@3c77d488] output={null}]]]>
              </value>
            </param>
          </params>
          <reporter-output>
          </reporter-output>
        </test-method> <!-- tearDown -->
        <test-method signature="maintenanceZoneTest()[pri:0, instance:com.miles.tellworks.testcases.MaintenanceTest@3c77d488]" started-at="2022-06-03T22:38:08 IST" name="maintenanceZoneTest" finished-at="2022-06-03T22:38:11 IST" duration-ms="3038" status="PASS">
          <reporter-output>
          </reporter-output>
        </test-method> <!-- maintenanceZoneTest -->
        <test-method is-config="true" signature="tearDown(org.testng.ITestResult)[pri:0, instance:com.miles.tellworks.testcases.MaintenanceTest@3c77d488]" started-at="2022-06-03T22:38:11 IST" name="tearDown" finished-at="2022-06-03T22:38:11 IST" duration-ms="0" status="PASS">
          <params>
            <param index="0">
              <value>
                <![CDATA[[TestResult name=maintenanceZoneTest status=SUCCESS method=MaintenanceTest.maintenanceZoneTest()[pri:0, instance:com.miles.tellworks.testcases.MaintenanceTest@3c77d488] output={null}]]]>
              </value>
            </param>
          </params>
          <reporter-output>
          </reporter-output>
        </test-method> <!-- tearDown -->
        <test-method is-config="true" signature="CloseBrowser()[pri:0, instance:com.miles.tellworks.testcases.MaintenanceTest@3c77d488]" started-at="2022-06-03T22:38:11 IST" name="CloseBrowser" finished-at="2022-06-03T22:38:12 IST" duration-ms="302" status="PASS">
          <reporter-output>
          </reporter-output>
        </test-method> <!-- CloseBrowser -->
        <test-method is-config="true" signature="endReport()[pri:0, instance:com.miles.tellworks.testcases.MaintenanceTest@3c77d488]" started-at="2022-06-03T22:45:41 IST" name="endReport" finished-at="2022-06-03T22:45:42 IST" duration-ms="51" status="PASS">
          <reporter-output>
          </reporter-output>
        </test-method> <!-- endReport -->
      </class> <!-- com.miles.tellworks.testcases.MaintenanceTest -->
      <class name="com.miles.tellworks.testcases.OperationsTest">
        <test-method is-config="true" signature="setExtent()[pri:0, instance:com.miles.tellworks.testcases.OperationsTest@1a942c18]" started-at="2022-06-03T22:22:22 IST" name="setExtent" finished-at="2022-06-03T22:22:22 IST" duration-ms="3" status="PASS">
          <reporter-output>
          </reporter-output>
        </test-method> <!-- setExtent -->
        <test-method is-config="true" signature="launchBrowser()[pri:0, instance:com.miles.tellworks.testcases.OperationsTest@1a942c18]" started-at="2022-06-03T22:29:45 IST" name="launchBrowser" finished-at="2022-06-03T22:29:58 IST" duration-ms="13790" status="PASS">
          <reporter-output>
          </reporter-output>
        </test-method> <!-- launchBrowser -->
        <test-method signature="opexInventoryTest()[pri:0, instance:com.miles.tellworks.testcases.OperationsTest@1a942c18]" started-at="2022-06-03T22:29:58 IST" name="opexInventoryTest" finished-at="2022-06-03T22:30:40 IST" duration-ms="41244" status="PASS">
          <reporter-output>
          </reporter-output>
        </test-method> <!-- opexInventoryTest -->
        <test-method is-config="true" signature="tearDown(org.testng.ITestResult)[pri:0, instance:com.miles.tellworks.testcases.OperationsTest@1a942c18]" started-at="2022-06-03T22:30:40 IST" name="tearDown" finished-at="2022-06-03T22:30:40 IST" duration-ms="0" status="PASS">
          <params>
            <param index="0">
              <value>
                <![CDATA[[TestResult name=opexInventoryTest status=SUCCESS method=OperationsTest.opexInventoryTest()[pri:0, instance:com.miles.tellworks.testcases.OperationsTest@1a942c18] output={null}]]]>
              </value>
            </param>
          </params>
          <reporter-output>
          </reporter-output>
        </test-method> <!-- tearDown -->
        <test-method signature="pickOpexInventoryTest()[pri:0, instance:com.miles.tellworks.testcases.OperationsTest@1a942c18]" started-at="2022-06-03T22:30:40 IST" name="pickOpexInventoryTest" finished-at="2022-06-03T22:30:51 IST" duration-ms="11303" status="PASS">
          <reporter-output>
          </reporter-output>
        </test-method> <!-- pickOpexInventoryTest -->
        <test-method is-config="true" signature="tearDown(org.testng.ITestResult)[pri:0, instance:com.miles.tellworks.testcases.OperationsTest@1a942c18]" started-at="2022-06-03T22:30:51 IST" name="tearDown" finished-at="2022-06-03T22:30:51 IST" duration-ms="1" status="PASS">
          <params>
            <param index="0">
              <value>
                <![CDATA[[TestResult name=pickOpexInventoryTest status=SUCCESS method=OperationsTest.pickOpexInventoryTest()[pri:0, instance:com.miles.tellworks.testcases.OperationsTest@1a942c18] output={null}]]]>
              </value>
            </param>
          </params>
          <reporter-output>
          </reporter-output>
        </test-method> <!-- tearDown -->
        <test-method is-config="true" signature="CloseBrowser()[pri:0, instance:com.miles.tellworks.testcases.OperationsTest@1a942c18]" started-at="2022-06-03T22:30:51 IST" name="CloseBrowser" finished-at="2022-06-03T22:30:52 IST" duration-ms="1249" status="PASS">
          <reporter-output>
          </reporter-output>
        </test-method> <!-- CloseBrowser -->
        <test-method is-config="true" signature="endReport()[pri:0, instance:com.miles.tellworks.testcases.OperationsTest@1a942c18]" started-at="2022-06-03T22:45:42 IST" name="endReport" finished-at="2022-06-03T22:45:42 IST" duration-ms="48" status="PASS">
          <reporter-output>
          </reporter-output>
        </test-method> <!-- endReport -->
      </class> <!-- com.miles.tellworks.testcases.OperationsTest -->
      <class name="com.miles.tellworks.testcases.DeploymentsTest">
        <test-method is-config="true" signature="setExtent()[pri:0, instance:com.miles.tellworks.testcases.DeploymentsTest@55a147cc]" started-at="2022-06-03T22:22:22 IST" name="setExtent" finished-at="2022-06-03T22:22:22 IST" duration-ms="4" status="PASS">
          <reporter-output>
          </reporter-output>
        </test-method> <!-- setExtent -->
        <test-method is-config="true" signature="launchBrowser()[pri:0, instance:com.miles.tellworks.testcases.DeploymentsTest@55a147cc]" started-at="2022-06-03T22:30:52 IST" name="launchBrowser" finished-at="2022-06-03T22:31:00 IST" duration-ms="8108" status="PASS">
          <reporter-output>
          </reporter-output>
        </test-method> <!-- launchBrowser -->
        <test-method signature="bomSSTest()[pri:0, instance:com.miles.tellworks.testcases.DeploymentsTest@55a147cc]" started-at="2022-06-03T22:31:00 IST" name="bomSSTest" finished-at="2022-06-03T22:31:28 IST" duration-ms="27329" status="PASS">
          <reporter-output>
          </reporter-output>
        </test-method> <!-- bomSSTest -->
        <test-method is-config="true" signature="tearDown(org.testng.ITestResult)[pri:0, instance:com.miles.tellworks.testcases.DeploymentsTest@55a147cc]" started-at="2022-06-03T22:31:28 IST" name="tearDown" finished-at="2022-06-03T22:31:28 IST" duration-ms="0" status="PASS">
          <params>
            <param index="0">
              <value>
                <![CDATA[[TestResult name=bomSSTest status=SUCCESS method=DeploymentsTest.bomSSTest()[pri:0, instance:com.miles.tellworks.testcases.DeploymentsTest@55a147cc] output={null}]]]>
              </value>
            </param>
          </params>
          <reporter-output>
          </reporter-output>
        </test-method> <!-- tearDown -->
        <test-method signature="bomTest()[pri:0, instance:com.miles.tellworks.testcases.DeploymentsTest@55a147cc]" started-at="2022-06-03T22:31:28 IST" name="bomTest" finished-at="2022-06-03T22:31:49 IST" duration-ms="21034" status="PASS">
          <reporter-output>
          </reporter-output>
        </test-method> <!-- bomTest -->
        <test-method is-config="true" signature="tearDown(org.testng.ITestResult)[pri:0, instance:com.miles.tellworks.testcases.DeploymentsTest@55a147cc]" started-at="2022-06-03T22:31:49 IST" name="tearDown" finished-at="2022-06-03T22:31:49 IST" duration-ms="0" status="PASS">
          <params>
            <param index="0">
              <value>
                <![CDATA[[TestResult name=bomTest status=SUCCESS method=DeploymentsTest.bomTest()[pri:0, instance:com.miles.tellworks.testcases.DeploymentsTest@55a147cc] output={null}]]]>
              </value>
            </param>
          </params>
          <reporter-output>
          </reporter-output>
        </test-method> <!-- tearDown -->
        <test-method signature="capxTest()[pri:0, instance:com.miles.tellworks.testcases.DeploymentsTest@55a147cc]" started-at="2022-06-03T22:31:49 IST" name="capxTest" finished-at="2022-06-03T22:33:24 IST" duration-ms="95402" status="PASS">
          <reporter-output>
          </reporter-output>
        </test-method> <!-- capxTest -->
        <test-method is-config="true" signature="tearDown(org.testng.ITestResult)[pri:0, instance:com.miles.tellworks.testcases.DeploymentsTest@55a147cc]" started-at="2022-06-03T22:33:24 IST" name="tearDown" finished-at="2022-06-03T22:33:24 IST" duration-ms="1" status="PASS">
          <params>
            <param index="0">
              <value>
                <![CDATA[[TestResult name=capxTest status=SUCCESS method=DeploymentsTest.capxTest()[pri:0, instance:com.miles.tellworks.testcases.DeploymentsTest@55a147cc] output={null}]]]>
              </value>
            </param>
          </params>
          <reporter-output>
          </reporter-output>
        </test-method> <!-- tearDown -->
        <test-method signature="dOPDTest()[pri:0, instance:com.miles.tellworks.testcases.DeploymentsTest@55a147cc]" started-at="2022-06-03T22:33:24 IST" name="dOPDTest" finished-at="2022-06-03T22:34:03 IST" duration-ms="38901" status="PASS">
          <reporter-output>
          </reporter-output>
        </test-method> <!-- dOPDTest -->
        <test-method is-config="true" signature="tearDown(org.testng.ITestResult)[pri:0, instance:com.miles.tellworks.testcases.DeploymentsTest@55a147cc]" started-at="2022-06-03T22:34:03 IST" name="tearDown" finished-at="2022-06-03T22:34:03 IST" duration-ms="1" status="PASS">
          <params>
            <param index="0">
              <value>
                <![CDATA[[TestResult name=dOPDTest status=SUCCESS method=DeploymentsTest.dOPDTest()[pri:0, instance:com.miles.tellworks.testcases.DeploymentsTest@55a147cc] output={null}]]]>
              </value>
            </param>
          </params>
          <reporter-output>
          </reporter-output>
        </test-method> <!-- tearDown -->
        <test-method signature="dSRDSTest()[pri:0, instance:com.miles.tellworks.testcases.DeploymentsTest@55a147cc]" started-at="2022-06-03T22:34:03 IST" name="dSRDSTest" finished-at="2022-06-03T22:34:15 IST" duration-ms="12415" status="PASS">
          <reporter-output>
          </reporter-output>
        </test-method> <!-- dSRDSTest -->
        <test-method is-config="true" signature="tearDown(org.testng.ITestResult)[pri:0, instance:com.miles.tellworks.testcases.DeploymentsTest@55a147cc]" started-at="2022-06-03T22:34:15 IST" name="tearDown" finished-at="2022-06-03T22:34:15 IST" duration-ms="0" status="PASS">
          <params>
            <param index="0">
              <value>
                <![CDATA[[TestResult name=dSRDSTest status=SUCCESS method=DeploymentsTest.dSRDSTest()[pri:0, instance:com.miles.tellworks.testcases.DeploymentsTest@55a147cc] output={null}]]]>
              </value>
            </param>
          </params>
          <reporter-output>
          </reporter-output>
        </test-method> <!-- tearDown -->
        <test-method signature="deploymentsDKRRListTest()[pri:0, instance:com.miles.tellworks.testcases.DeploymentsTest@55a147cc]" started-at="2022-06-03T22:34:15 IST" name="deploymentsDKRRListTest" finished-at="2022-06-03T22:34:28 IST" duration-ms="12530" status="PASS">
          <reporter-output>
          </reporter-output>
        </test-method> <!-- deploymentsDKRRListTest -->
        <test-method is-config="true" signature="tearDown(org.testng.ITestResult)[pri:0, instance:com.miles.tellworks.testcases.DeploymentsTest@55a147cc]" started-at="2022-06-03T22:34:28 IST" name="tearDown" finished-at="2022-06-03T22:34:28 IST" duration-ms="1" status="PASS">
          <params>
            <param index="0">
              <value>
                <![CDATA[[TestResult name=deploymentsDKRRListTest status=SUCCESS method=DeploymentsTest.deploymentsDKRRListTest()[pri:0, instance:com.miles.tellworks.testcases.DeploymentsTest@55a147cc] output={null}]]]>
              </value>
            </param>
          </params>
          <reporter-output>
          </reporter-output>
        </test-method> <!-- tearDown -->
        <test-method signature="deploymentsEmailNotificationSetupTest()[pri:0, instance:com.miles.tellworks.testcases.DeploymentsTest@55a147cc]" started-at="2022-06-03T22:34:28 IST" name="deploymentsEmailNotificationSetupTest" finished-at="2022-06-03T22:34:32 IST" duration-ms="3742" status="PASS">
          <reporter-output>
          </reporter-output>
        </test-method> <!-- deploymentsEmailNotificationSetupTest -->
        <test-method is-config="true" signature="tearDown(org.testng.ITestResult)[pri:0, instance:com.miles.tellworks.testcases.DeploymentsTest@55a147cc]" started-at="2022-06-03T22:34:32 IST" name="tearDown" finished-at="2022-06-03T22:34:32 IST" duration-ms="2" status="PASS">
          <params>
            <param index="0">
              <value>
                <![CDATA[[TestResult name=deploymentsEmailNotificationSetupTest status=SUCCESS method=DeploymentsTest.deploymentsEmailNotificationSetupTest()[pri:0, instance:com.miles.tellworks.testcases.DeploymentsTest@55a147cc] output={null}]]]>
              </value>
            </param>
          </params>
          <reporter-output>
          </reporter-output>
        </test-method> <!-- tearDown -->
        <test-method signature="oVSdTest()[pri:0, instance:com.miles.tellworks.testcases.DeploymentsTest@55a147cc]" started-at="2022-06-03T22:34:32 IST" name="oVSdTest" finished-at="2022-06-03T22:34:55 IST" duration-ms="23279" status="PASS">
          <reporter-output>
          </reporter-output>
        </test-method> <!-- oVSdTest -->
        <test-method is-config="true" signature="tearDown(org.testng.ITestResult)[pri:0, instance:com.miles.tellworks.testcases.DeploymentsTest@55a147cc]" started-at="2022-06-03T22:34:55 IST" name="tearDown" finished-at="2022-06-03T22:34:55 IST" duration-ms="1" status="PASS">
          <params>
            <param index="0">
              <value>
                <![CDATA[[TestResult name=oVSdTest status=SUCCESS method=DeploymentsTest.oVSdTest()[pri:0, instance:com.miles.tellworks.testcases.DeploymentsTest@55a147cc] output={null}]]]>
              </value>
            </param>
          </params>
          <reporter-output>
          </reporter-output>
        </test-method> <!-- tearDown -->
        <test-method signature="psmTest()[pri:0, instance:com.miles.tellworks.testcases.DeploymentsTest@55a147cc]" started-at="2022-06-03T22:34:55 IST" name="psmTest" finished-at="2022-06-03T22:35:26 IST" duration-ms="31487" status="PASS">
          <reporter-output>
          </reporter-output>
        </test-method> <!-- psmTest -->
        <test-method is-config="true" signature="tearDown(org.testng.ITestResult)[pri:0, instance:com.miles.tellworks.testcases.DeploymentsTest@55a147cc]" started-at="2022-06-03T22:35:26 IST" name="tearDown" finished-at="2022-06-03T22:35:26 IST" duration-ms="1" status="PASS">
          <params>
            <param index="0">
              <value>
                <![CDATA[[TestResult name=psmTest status=SUCCESS method=DeploymentsTest.psmTest()[pri:0, instance:com.miles.tellworks.testcases.DeploymentsTest@55a147cc] output={null}]]]>
              </value>
            </param>
          </params>
          <reporter-output>
          </reporter-output>
        </test-method> <!-- tearDown -->
        <test-method signature="siteTest()[pri:0, instance:com.miles.tellworks.testcases.DeploymentsTest@55a147cc]" started-at="2022-06-03T22:35:26 IST" name="siteTest" finished-at="2022-06-03T22:35:42 IST" duration-ms="15663" status="PASS">
          <reporter-output>
          </reporter-output>
        </test-method> <!-- siteTest -->
        <test-method is-config="true" signature="tearDown(org.testng.ITestResult)[pri:0, instance:com.miles.tellworks.testcases.DeploymentsTest@55a147cc]" started-at="2022-06-03T22:35:42 IST" name="tearDown" finished-at="2022-06-03T22:35:42 IST" duration-ms="0" status="PASS">
          <params>
            <param index="0">
              <value>
                <![CDATA[[TestResult name=siteTest status=SUCCESS method=DeploymentsTest.siteTest()[pri:0, instance:com.miles.tellworks.testcases.DeploymentsTest@55a147cc] output={null}]]]>
              </value>
            </param>
          </params>
          <reporter-output>
          </reporter-output>
        </test-method> <!-- tearDown -->
        <test-method signature="warehouseTest()[pri:0, instance:com.miles.tellworks.testcases.DeploymentsTest@55a147cc]" started-at="2022-06-03T22:35:42 IST" name="warehouseTest" finished-at="2022-06-03T22:35:52 IST" duration-ms="9679" status="PASS">
          <reporter-output>
          </reporter-output>
        </test-method> <!-- warehouseTest -->
        <test-method is-config="true" signature="tearDown(org.testng.ITestResult)[pri:0, instance:com.miles.tellworks.testcases.DeploymentsTest@55a147cc]" started-at="2022-06-03T22:35:52 IST" name="tearDown" finished-at="2022-06-03T22:35:52 IST" duration-ms="1" status="PASS">
          <params>
            <param index="0">
              <value>
                <![CDATA[[TestResult name=warehouseTest status=SUCCESS method=DeploymentsTest.warehouseTest()[pri:0, instance:com.miles.tellworks.testcases.DeploymentsTest@55a147cc] output={null}]]]>
              </value>
            </param>
          </params>
          <reporter-output>
          </reporter-output>
        </test-method> <!-- tearDown -->
        <test-method is-config="true" signature="CloseBrowser()[pri:0, instance:com.miles.tellworks.testcases.DeploymentsTest@55a147cc]" started-at="2022-06-03T22:35:52 IST" name="CloseBrowser" finished-at="2022-06-03T22:35:52 IST" duration-ms="606" status="PASS">
          <reporter-output>
          </reporter-output>
        </test-method> <!-- CloseBrowser -->
        <test-method is-config="true" signature="endReport()[pri:0, instance:com.miles.tellworks.testcases.DeploymentsTest@55a147cc]" started-at="2022-06-03T22:45:41 IST" name="endReport" finished-at="2022-06-03T22:45:41 IST" duration-ms="56" status="PASS">
          <reporter-output>
          </reporter-output>
        </test-method> <!-- endReport -->
      </class> <!-- com.miles.tellworks.testcases.DeploymentsTest -->
      <class name="com.miles.tellworks.testcases.DigitalLayerTest">
        <test-method is-config="true" signature="setExtent()[pri:0, instance:com.miles.tellworks.testcases.DigitalLayerTest@63376bed]" started-at="2022-06-03T22:22:22 IST" name="setExtent" finished-at="2022-06-03T22:22:22 IST" duration-ms="3" status="PASS">
          <reporter-output>
          </reporter-output>
        </test-method> <!-- setExtent -->
        <test-method is-config="true" signature="launchBrowser()[pri:0, instance:com.miles.tellworks.testcases.DigitalLayerTest@63376bed]" started-at="2022-06-03T22:38:12 IST" name="launchBrowser" finished-at="2022-06-03T22:38:19 IST" duration-ms="7850" status="PASS">
          <reporter-output>
          </reporter-output>
        </test-method> <!-- launchBrowser -->
        <test-method signature="DigitalLayerCorrectionsTest()[pri:0, instance:com.miles.tellworks.testcases.DigitalLayerTest@63376bed]" started-at="2022-06-03T22:38:19 IST" name="DigitalLayerCorrectionsTest" finished-at="2022-06-03T22:38:41 IST" duration-ms="21791" status="PASS">
          <reporter-output>
          </reporter-output>
        </test-method> <!-- DigitalLayerCorrectionsTest -->
        <test-method is-config="true" signature="tearDown(org.testng.ITestResult)[pri:0, instance:com.miles.tellworks.testcases.DigitalLayerTest@63376bed]" started-at="2022-06-03T22:38:41 IST" name="tearDown" finished-at="2022-06-03T22:38:41 IST" duration-ms="0" status="PASS">
          <params>
            <param index="0">
              <value>
                <![CDATA[[TestResult name=DigitalLayerCorrectionsTest status=SUCCESS method=DigitalLayerTest.DigitalLayerCorrectionsTest()[pri:0, instance:com.miles.tellworks.testcases.DigitalLayerTest@63376bed] output={null}]]]>
              </value>
            </param>
          </params>
          <reporter-output>
          </reporter-output>
        </test-method> <!-- tearDown -->
        <test-method is-config="true" signature="CloseBrowser()[pri:0, instance:com.miles.tellworks.testcases.DigitalLayerTest@63376bed]" started-at="2022-06-03T22:38:41 IST" name="CloseBrowser" finished-at="2022-06-03T22:38:42 IST" duration-ms="328" status="PASS">
          <reporter-output>
          </reporter-output>
        </test-method> <!-- CloseBrowser -->
        <test-method is-config="true" signature="endReport()[pri:0, instance:com.miles.tellworks.testcases.DigitalLayerTest@63376bed]" started-at="2022-06-03T22:45:41 IST" name="endReport" finished-at="2022-06-03T22:45:41 IST" duration-ms="52" status="PASS">
          <reporter-output>
          </reporter-output>
        </test-method> <!-- endReport -->
      </class> <!-- com.miles.tellworks.testcases.DigitalLayerTest -->
      <class name="com.miles.tellworks.testcases.SupportInventoryValidationTest">
        <test-method is-config="true" signature="setExtent()[pri:0, instance:com.miles.tellworks.testcases.SupportInventoryValidationTest@d86a6f]" started-at="2022-06-03T22:22:22 IST" name="setExtent" finished-at="2022-06-03T22:22:22 IST" duration-ms="4" status="PASS">
          <reporter-output>
          </reporter-output>
        </test-method> <!-- setExtent -->
        <test-method is-config="true" signature="launchBrowser()[pri:0, instance:com.miles.tellworks.testcases.SupportInventoryValidationTest@d86a6f]" started-at="2022-06-03T22:44:47 IST" name="launchBrowser" finished-at="2022-06-03T22:44:55 IST" duration-ms="8154" status="PASS">
          <reporter-output>
          </reporter-output>
        </test-method> <!-- launchBrowser -->
        <test-method signature="SupportInventoryManagementTest()[pri:0, instance:com.miles.tellworks.testcases.SupportInventoryValidationTest@d86a6f]" started-at="2022-06-03T22:44:55 IST" name="SupportInventoryManagementTest" finished-at="2022-06-03T22:45:41 IST" duration-ms="45433" status="PASS">
          <reporter-output>
          </reporter-output>
        </test-method> <!-- SupportInventoryManagementTest -->
        <test-method is-config="true" signature="CloseBrowser()[pri:0, instance:com.miles.tellworks.testcases.SupportInventoryValidationTest@d86a6f]" started-at="2022-06-03T22:45:41 IST" name="CloseBrowser" finished-at="2022-06-03T22:45:41 IST" duration-ms="314" status="PASS">
          <reporter-output>
          </reporter-output>
        </test-method> <!-- CloseBrowser -->
        <test-method is-config="true" signature="tearDown(org.testng.ITestResult)[pri:0, instance:com.miles.tellworks.testcases.SupportInventoryValidationTest@d86a6f]" started-at="2022-06-03T22:45:41 IST" name="tearDown" finished-at="2022-06-03T22:45:41 IST" duration-ms="0" status="PASS">
          <params>
            <param index="0">
              <value>
                <![CDATA[[TestResult name=SupportInventoryManagementTest status=SUCCESS method=SupportInventoryValidationTest.SupportInventoryManagementTest()[pri:0, instance:com.miles.tellworks.testcases.SupportInventoryValidationTest@d86a6f] output={null}]]]>
              </value>
            </param>
          </params>
          <reporter-output>
          </reporter-output>
        </test-method> <!-- tearDown -->
        <test-method is-config="true" signature="endReport()[pri:0, instance:com.miles.tellworks.testcases.SupportInventoryValidationTest@d86a6f]" started-at="2022-06-03T22:45:42 IST" name="endReport" finished-at="2022-06-03T22:45:42 IST" duration-ms="43" status="PASS">
          <reporter-output>
          </reporter-output>
        </test-method> <!-- endReport -->
      </class> <!-- com.miles.tellworks.testcases.SupportInventoryValidationTest -->
    </test> <!-- TellWorks App Test Cases -->
  </suite> <!-- TellWorks Application Automation Test Suite -->
</testng-results>
